{"/home/antonio/programming/elevate/elevate1-core-api/src/server.ts": {"path":"/home/antonio/programming/elevate/elevate1-core-api/src/server.ts","statementMap":{"0":{"start":{"line":2,"column":0},"end":{"line":2,"column":24}},"1":{"start":{"line":3,"column":0},"end":{"line":3,"column":28}},"2":{"start":{"line":6,"column":0},"end":{"line":6,"column":16}},"3":{"start":{"line":8,"column":13},"end":{"line":8,"column":37}},"4":{"start":{"line":10,"column":0},"end":{"line":12,"column":3}},"5":{"start":{"line":11,"column":2},"end":{"line":11,"column":51}}},"fnMap":{"0":{"name":"(anonymous_1)","decl":{"start":{"line":10,"column":17},"end":{"line":10,"column":20}},"loc":{"start":{"line":10,"column":22},"end":{"line":12,"column":1}}}},"branchMap":{"0":{"loc":{"start":{"line":8,"column":13},"end":{"line":8,"column":37}},"type":"binary-expr","locations":[{"start":{"line":8,"column":13},"end":{"line":8,"column":29}},{"start":{"line":8,"column":33},"end":{"line":8,"column":37}}]}},"s":{"0":0,"1":0,"2":0,"3":0,"4":0,"5":0},"f":{"0":0},"b":{"0":[0,0]}}
,"/home/antonio/programming/elevate/elevate1-core-api/src/controllers/auth.controller.ts": {"path":"/home/antonio/programming/elevate/elevate1-core-api/src/controllers/auth.controller.ts","statementMap":{"0":{"start":{"line":2,"column":0},"end":{"line":2,"column":46}},"1":{"start":{"line":3,"column":0},"end":{"line":3,"column":30}},"2":{"start":{"line":4,"column":0},"end":{"line":4,"column":31}},"3":{"start":{"line":6,"column":15},"end":{"line":6,"column":33}},"4":{"start":{"line":8,"column":28},"end":{"line":64,"column":2}},"5":{"start":{"line":8,"column":81},"end":{"line":64,"column":2}},"6":{"start":{"line":9,"column":2},"end":{"line":63,"column":3}},"7":{"start":{"line":10,"column":32},"end":{"line":10,"column":40}},"8":{"start":{"line":13,"column":25},"end":{"line":13,"column":75}},"9":{"start":{"line":14,"column":4},"end":{"line":17,"column":5}},"10":{"start":{"line":15,"column":6},"end":{"line":15,"column":63}},"11":{"start":{"line":16,"column":6},"end":{"line":16,"column":13}},"12":{"start":{"line":20,"column":27},"end":{"line":20,"column":58}},"13":{"start":{"line":23,"column":17},"end":{"line":28,"column":6}},"14":{"start":{"line":31,"column":19},"end":{"line":31,"column":41}},"15":{"start":{"line":32,"column":4},"end":{"line":36,"column":5}},"16":{"start":{"line":33,"column":6},"end":{"line":33,"column":74}},"17":{"start":{"line":34,"column":6},"end":{"line":34,"column":92}},"18":{"start":{"line":35,"column":6},"end":{"line":35,"column":13}},"19":{"start":{"line":39,"column":29},"end":{"line":39,"column":41}},"20":{"start":{"line":40,"column":41},"end":{"line":42,"column":6}},"21":{"start":{"line":45,"column":18},"end":{"line":48,"column":null}},"22":{"start":{"line":51,"column":4},"end":{"line":57,"column":7}},"23":{"start":{"line":58,"column":4},"end":{"line":58,"column":11}},"24":{"start":{"line":60,"column":4},"end":{"line":60,"column":48}},"25":{"start":{"line":61,"column":4},"end":{"line":61,"column":61}},"26":{"start":{"line":62,"column":4},"end":{"line":62,"column":11}},"27":{"start":{"line":8,"column":13},"end":{"line":8,"column":28}},"28":{"start":{"line":66,"column":25},"end":{"line":118,"column":2}},"29":{"start":{"line":66,"column":78},"end":{"line":118,"column":2}},"30":{"start":{"line":67,"column":2},"end":{"line":117,"column":3}},"31":{"start":{"line":68,"column":32},"end":{"line":68,"column":40}},"32":{"start":{"line":71,"column":17},"end":{"line":71,"column":67}},"33":{"start":{"line":72,"column":4},"end":{"line":75,"column":5}},"34":{"start":{"line":73,"column":6},"end":{"line":73,"column":63}},"35":{"start":{"line":74,"column":6},"end":{"line":74,"column":13}},"36":{"start":{"line":78,"column":28},"end":{"line":78,"column":73}},"37":{"start":{"line":79,"column":4},"end":{"line":82,"column":5}},"38":{"start":{"line":80,"column":6},"end":{"line":80,"column":63}},"39":{"start":{"line":81,"column":6},"end":{"line":81,"column":13}},"40":{"start":{"line":85,"column":19},"end":{"line":85,"column":41}},"41":{"start":{"line":86,"column":4},"end":{"line":90,"column":5}},"42":{"start":{"line":87,"column":6},"end":{"line":87,"column":74}},"43":{"start":{"line":88,"column":6},"end":{"line":88,"column":92}},"44":{"start":{"line":89,"column":6},"end":{"line":89,"column":13}},"45":{"start":{"line":93,"column":29},"end":{"line":93,"column":41}},"46":{"start":{"line":94,"column":41},"end":{"line":96,"column":6}},"47":{"start":{"line":99,"column":18},"end":{"line":102,"column":null}},"48":{"start":{"line":105,"column":4},"end":{"line":111,"column":7}},"49":{"start":{"line":112,"column":4},"end":{"line":112,"column":11}},"50":{"start":{"line":114,"column":4},"end":{"line":114,"column":41}},"51":{"start":{"line":115,"column":4},"end":{"line":115,"column":54}},"52":{"start":{"line":116,"column":4},"end":{"line":116,"column":11}},"53":{"start":{"line":66,"column":13},"end":{"line":66,"column":25}}},"fnMap":{"0":{"name":"(anonymous_8)","decl":{"start":{"line":8,"column":28},"end":{"line":8,"column":35}},"loc":{"start":{"line":8,"column":81},"end":{"line":64,"column":2}}},"1":{"name":"(anonymous_9)","decl":{"start":{"line":8,"column":81},"end":{"line":8,"column":null}},"loc":{"start":{"line":8,"column":81},"end":{"line":64,"column":1}}},"2":{"name":"(anonymous_10)","decl":{"start":{"line":66,"column":25},"end":{"line":66,"column":32}},"loc":{"start":{"line":66,"column":78},"end":{"line":118,"column":2}}},"3":{"name":"(anonymous_11)","decl":{"start":{"line":66,"column":78},"end":{"line":66,"column":null}},"loc":{"start":{"line":66,"column":78},"end":{"line":118,"column":1}}}},"branchMap":{"0":{"loc":{"start":{"line":14,"column":4},"end":{"line":17,"column":5}},"type":"if","locations":[{"start":{"line":14,"column":4},"end":{"line":17,"column":5}}]},"1":{"loc":{"start":{"line":32,"column":4},"end":{"line":36,"column":5}},"type":"if","locations":[{"start":{"line":32,"column":4},"end":{"line":36,"column":5}}]},"2":{"loc":{"start":{"line":72,"column":4},"end":{"line":75,"column":5}},"type":"if","locations":[{"start":{"line":72,"column":4},"end":{"line":75,"column":5}}]},"3":{"loc":{"start":{"line":79,"column":4},"end":{"line":82,"column":5}},"type":"if","locations":[{"start":{"line":79,"column":4},"end":{"line":82,"column":5}}]},"4":{"loc":{"start":{"line":86,"column":4},"end":{"line":90,"column":5}},"type":"if","locations":[{"start":{"line":86,"column":4},"end":{"line":90,"column":5}}]}},"s":{"0":1,"1":1,"2":1,"3":1,"4":1,"5":0,"6":0,"7":0,"8":0,"9":0,"10":0,"11":0,"12":0,"13":0,"14":0,"15":0,"16":0,"17":0,"18":0,"19":0,"20":0,"21":0,"22":0,"23":0,"24":0,"25":0,"26":0,"27":1,"28":1,"29":0,"30":0,"31":0,"32":0,"33":0,"34":0,"35":0,"36":0,"37":0,"38":0,"39":0,"40":0,"41":0,"42":0,"43":0,"44":0,"45":0,"46":0,"47":0,"48":0,"49":0,"50":0,"51":0,"52":0,"53":1},"f":{"0":0,"1":0,"2":0,"3":0},"b":{"0":[0],"1":[0],"2":[0],"3":[0],"4":[0]}}
,"/home/antonio/programming/elevate/elevate1-core-api/src/controllers/folder.controller.ts": {"path":"/home/antonio/programming/elevate/elevate1-core-api/src/controllers/folder.controller.ts","statementMap":{"0":{"start":{"line":4,"column":0},"end":{"line":4,"column":46}},"1":{"start":{"line":6,"column":15},"end":{"line":6,"column":33}},"2":{"start":{"line":8,"column":28},"end":{"line":40,"column":2}},"3":{"start":{"line":8,"column":85},"end":{"line":40,"column":2}},"4":{"start":{"line":9,"column":32},"end":{"line":9,"column":40}},"5":{"start":{"line":10,"column":17},"end":{"line":10,"column":33}},"6":{"start":{"line":12,"column":2},"end":{"line":16,"column":3}},"7":{"start":{"line":14,"column":4},"end":{"line":14,"column":64}},"8":{"start":{"line":15,"column":4},"end":{"line":15,"column":11}},"9":{"start":{"line":18,"column":2},"end":{"line":39,"column":3}},"10":{"start":{"line":19,"column":22},"end":{"line":25,"column":6}},"11":{"start":{"line":26,"column":4},"end":{"line":26,"column":36}},"12":{"start":{"line":28,"column":4},"end":{"line":28,"column":49}},"13":{"start":{"line":29,"column":4},"end":{"line":34,"column":5}},"14":{"start":{"line":30,"column":6},"end":{"line":30,"column":47}},"15":{"start":{"line":31,"column":6},"end":{"line":31,"column":43}},"16":{"start":{"line":33,"column":6},"end":{"line":33,"column":50}},"17":{"start":{"line":35,"column":4},"end":{"line":35,"column":81}},"18":{"start":{"line":36,"column":4},"end":{"line":36,"column":53}},"19":{"start":{"line":38,"column":4},"end":{"line":38,"column":65}},"20":{"start":{"line":8,"column":13},"end":{"line":8,"column":28}},"21":{"start":{"line":42,"column":26},"end":{"line":73,"column":2}},"22":{"start":{"line":42,"column":83},"end":{"line":73,"column":2}},"23":{"start":{"line":43,"column":17},"end":{"line":43,"column":33}},"24":{"start":{"line":45,"column":2},"end":{"line":49,"column":3}},"25":{"start":{"line":47,"column":4},"end":{"line":47,"column":64}},"26":{"start":{"line":48,"column":4},"end":{"line":48,"column":11}},"27":{"start":{"line":51,"column":2},"end":{"line":72,"column":3}},"28":{"start":{"line":52,"column":20},"end":{"line":59,"column":6}},"29":{"start":{"line":60,"column":4},"end":{"line":60,"column":34}},"30":{"start":{"line":62,"column":4},"end":{"line":62,"column":47}},"31":{"start":{"line":63,"column":4},"end":{"line":68,"column":5}},"32":{"start":{"line":64,"column":6},"end":{"line":64,"column":47}},"33":{"start":{"line":65,"column":6},"end":{"line":65,"column":43}},"34":{"start":{"line":67,"column":6},"end":{"line":67,"column":50}},"35":{"start":{"line":69,"column":4},"end":{"line":69,"column":81}},"36":{"start":{"line":70,"column":4},"end":{"line":70,"column":51}},"37":{"start":{"line":71,"column":4},"end":{"line":71,"column":68}},"38":{"start":{"line":42,"column":13},"end":{"line":42,"column":26}},"39":{"start":{"line":75,"column":29},"end":{"line":115,"column":2}},"40":{"start":{"line":75,"column":86},"end":{"line":115,"column":2}},"41":{"start":{"line":76,"column":17},"end":{"line":76,"column":33}},"42":{"start":{"line":77,"column":27},"end":{"line":77,"column":37}},"43":{"start":{"line":79,"column":2},"end":{"line":82,"column":3}},"44":{"start":{"line":80,"column":4},"end":{"line":80,"column":64}},"45":{"start":{"line":81,"column":4},"end":{"line":81,"column":11}},"46":{"start":{"line":84,"column":2},"end":{"line":87,"column":3}},"47":{"start":{"line":85,"column":4},"end":{"line":85,"column":68}},"48":{"start":{"line":86,"column":4},"end":{"line":86,"column":11}},"49":{"start":{"line":89,"column":2},"end":{"line":114,"column":3}},"50":{"start":{"line":90,"column":19},"end":{"line":95,"column":6}},"51":{"start":{"line":97,"column":4},"end":{"line":100,"column":5}},"52":{"start":{"line":98,"column":6},"end":{"line":98,"column":77}},"53":{"start":{"line":99,"column":6},"end":{"line":99,"column":13}},"54":{"start":{"line":102,"column":4},"end":{"line":102,"column":33}},"55":{"start":{"line":104,"column":4},"end":{"line":104,"column":52}},"56":{"start":{"line":105,"column":4},"end":{"line":110,"column":5}},"57":{"start":{"line":106,"column":6},"end":{"line":106,"column":47}},"58":{"start":{"line":107,"column":6},"end":{"line":107,"column":43}},"59":{"start":{"line":109,"column":6},"end":{"line":109,"column":50}},"60":{"start":{"line":111,"column":4},"end":{"line":111,"column":81}},"61":{"start":{"line":112,"column":4},"end":{"line":112,"column":56}},"62":{"start":{"line":113,"column":4},"end":{"line":113,"column":67}},"63":{"start":{"line":75,"column":13},"end":{"line":75,"column":29}},"64":{"start":{"line":117,"column":28},"end":{"line":186,"column":2}},"65":{"start":{"line":117,"column":85},"end":{"line":186,"column":2}},"66":{"start":{"line":118,"column":17},"end":{"line":118,"column":33}},"67":{"start":{"line":119,"column":27},"end":{"line":119,"column":37}},"68":{"start":{"line":120,"column":32},"end":{"line":120,"column":40}},"69":{"start":{"line":122,"column":2},"end":{"line":125,"column":3}},"70":{"start":{"line":123,"column":4},"end":{"line":123,"column":64}},"71":{"start":{"line":124,"column":4},"end":{"line":124,"column":11}},"72":{"start":{"line":127,"column":2},"end":{"line":130,"column":3}},"73":{"start":{"line":128,"column":4},"end":{"line":128,"column":68}},"74":{"start":{"line":129,"column":4},"end":{"line":129,"column":11}},"75":{"start":{"line":134,"column":71},"end":{"line":134,"column":73}},"76":{"start":{"line":135,"column":2},"end":{"line":137,"column":3}},"77":{"start":{"line":136,"column":4},"end":{"line":136,"column":29}},"78":{"start":{"line":138,"column":2},"end":{"line":142,"column":3}},"79":{"start":{"line":141,"column":4},"end":{"line":141,"column":43}},"80":{"start":{"line":144,"column":2},"end":{"line":147,"column":3}},"81":{"start":{"line":145,"column":4},"end":{"line":145,"column":65}},"82":{"start":{"line":146,"column":4},"end":{"line":146,"column":11}},"83":{"start":{"line":149,"column":2},"end":{"line":185,"column":3}},"84":{"start":{"line":151,"column":27},"end":{"line":156,"column":6}},"85":{"start":{"line":158,"column":4},"end":{"line":161,"column":5}},"86":{"start":{"line":159,"column":6},"end":{"line":159,"column":77}},"87":{"start":{"line":160,"column":6},"end":{"line":160,"column":13}},"88":{"start":{"line":164,"column":26},"end":{"line":170,"column":6}},"89":{"start":{"line":172,"column":4},"end":{"line":172,"column":40}},"90":{"start":{"line":174,"column":4},"end":{"line":174,"column":49}},"91":{"start":{"line":175,"column":4},"end":{"line":180,"column":5}},"92":{"start":{"line":176,"column":6},"end":{"line":176,"column":47}},"93":{"start":{"line":177,"column":6},"end":{"line":177,"column":43}},"94":{"start":{"line":179,"column":6},"end":{"line":179,"column":50}},"95":{"start":{"line":181,"column":4},"end":{"line":181,"column":81}},"96":{"start":{"line":182,"column":4},"end":{"line":182,"column":53}},"97":{"start":{"line":184,"column":4},"end":{"line":184,"column":65}},"98":{"start":{"line":117,"column":13},"end":{"line":117,"column":28}},"99":{"start":{"line":188,"column":28},"end":{"line":238,"column":2}},"100":{"start":{"line":188,"column":85},"end":{"line":238,"column":2}},"101":{"start":{"line":189,"column":17},"end":{"line":189,"column":33}},"102":{"start":{"line":190,"column":27},"end":{"line":190,"column":37}},"103":{"start":{"line":192,"column":2},"end":{"line":195,"column":3}},"104":{"start":{"line":193,"column":4},"end":{"line":193,"column":64}},"105":{"start":{"line":194,"column":4},"end":{"line":194,"column":11}},"106":{"start":{"line":197,"column":2},"end":{"line":200,"column":3}},"107":{"start":{"line":198,"column":4},"end":{"line":198,"column":68}},"108":{"start":{"line":199,"column":4},"end":{"line":199,"column":11}},"109":{"start":{"line":202,"column":2},"end":{"line":237,"column":3}},"110":{"start":{"line":204,"column":27},"end":{"line":209,"column":6}},"111":{"start":{"line":211,"column":4},"end":{"line":215,"column":5}},"112":{"start":{"line":213,"column":6},"end":{"line":213,"column":77}},"113":{"start":{"line":214,"column":6},"end":{"line":214,"column":13}},"114":{"start":{"line":218,"column":4},"end":{"line":222,"column":7}},"115":{"start":{"line":224,"column":4},"end":{"line":224,"column":27}},"116":{"start":{"line":226,"column":4},"end":{"line":226,"column":49}},"117":{"start":{"line":227,"column":4},"end":{"line":232,"column":5}},"118":{"start":{"line":228,"column":6},"end":{"line":228,"column":47}},"119":{"start":{"line":229,"column":6},"end":{"line":229,"column":43}},"120":{"start":{"line":231,"column":6},"end":{"line":231,"column":50}},"121":{"start":{"line":233,"column":4},"end":{"line":233,"column":81}},"122":{"start":{"line":234,"column":4},"end":{"line":234,"column":53}},"123":{"start":{"line":236,"column":4},"end":{"line":236,"column":65}},"124":{"start":{"line":188,"column":13},"end":{"line":188,"column":28}}},"fnMap":{"0":{"name":"(anonymous_7)","decl":{"start":{"line":8,"column":28},"end":{"line":8,"column":35}},"loc":{"start":{"line":8,"column":85},"end":{"line":40,"column":2}}},"1":{"name":"(anonymous_8)","decl":{"start":{"line":8,"column":85},"end":{"line":8,"column":null}},"loc":{"start":{"line":8,"column":85},"end":{"line":40,"column":1}}},"2":{"name":"(anonymous_9)","decl":{"start":{"line":42,"column":26},"end":{"line":42,"column":33}},"loc":{"start":{"line":42,"column":83},"end":{"line":73,"column":2}}},"3":{"name":"(anonymous_10)","decl":{"start":{"line":42,"column":83},"end":{"line":42,"column":null}},"loc":{"start":{"line":42,"column":83},"end":{"line":73,"column":1}}},"4":{"name":"(anonymous_11)","decl":{"start":{"line":75,"column":29},"end":{"line":75,"column":36}},"loc":{"start":{"line":75,"column":86},"end":{"line":115,"column":2}}},"5":{"name":"(anonymous_12)","decl":{"start":{"line":75,"column":86},"end":{"line":75,"column":null}},"loc":{"start":{"line":75,"column":86},"end":{"line":115,"column":1}}},"6":{"name":"(anonymous_13)","decl":{"start":{"line":117,"column":28},"end":{"line":117,"column":35}},"loc":{"start":{"line":117,"column":85},"end":{"line":186,"column":2}}},"7":{"name":"(anonymous_14)","decl":{"start":{"line":117,"column":85},"end":{"line":117,"column":null}},"loc":{"start":{"line":117,"column":85},"end":{"line":186,"column":1}}},"8":{"name":"(anonymous_15)","decl":{"start":{"line":188,"column":28},"end":{"line":188,"column":35}},"loc":{"start":{"line":188,"column":85},"end":{"line":238,"column":2}}},"9":{"name":"(anonymous_16)","decl":{"start":{"line":188,"column":85},"end":{"line":188,"column":null}},"loc":{"start":{"line":188,"column":85},"end":{"line":238,"column":1}}}},"branchMap":{"0":{"loc":{"start":{"line":10,"column":17},"end":{"line":10,"column":33}},"type":"cond-expr","locations":[{"start":{"line":10,"column":25},"end":{"line":10,"column":27}},{"start":{"line":10,"column":25},"end":{"line":10,"column":33}}]},"1":{"loc":{"start":{"line":10,"column":17},"end":{"line":10,"column":27}},"type":"binary-expr","locations":[{"start":{"line":10,"column":17},"end":{"line":10,"column":27}},{"start":{"line":10,"column":25},"end":{"line":10,"column":27}}]},"2":{"loc":{"start":{"line":12,"column":2},"end":{"line":16,"column":3}},"type":"if","locations":[{"start":{"line":12,"column":2},"end":{"line":16,"column":3}}]},"3":{"loc":{"start":{"line":29,"column":4},"end":{"line":34,"column":5}},"type":"if","locations":[{"start":{"line":29,"column":4},"end":{"line":34,"column":5}},{"start":{"line":32,"column":11},"end":{"line":34,"column":5}}]},"4":{"loc":{"start":{"line":43,"column":17},"end":{"line":43,"column":33}},"type":"cond-expr","locations":[{"start":{"line":43,"column":25},"end":{"line":43,"column":27}},{"start":{"line":43,"column":25},"end":{"line":43,"column":33}}]},"5":{"loc":{"start":{"line":43,"column":17},"end":{"line":43,"column":27}},"type":"binary-expr","locations":[{"start":{"line":43,"column":17},"end":{"line":43,"column":27}},{"start":{"line":43,"column":25},"end":{"line":43,"column":27}}]},"6":{"loc":{"start":{"line":45,"column":2},"end":{"line":49,"column":3}},"type":"if","locations":[{"start":{"line":45,"column":2},"end":{"line":49,"column":3}}]},"7":{"loc":{"start":{"line":63,"column":4},"end":{"line":68,"column":5}},"type":"if","locations":[{"start":{"line":63,"column":4},"end":{"line":68,"column":5}},{"start":{"line":66,"column":11},"end":{"line":68,"column":5}}]},"8":{"loc":{"start":{"line":76,"column":17},"end":{"line":76,"column":33}},"type":"cond-expr","locations":[{"start":{"line":76,"column":25},"end":{"line":76,"column":27}},{"start":{"line":76,"column":25},"end":{"line":76,"column":33}}]},"9":{"loc":{"start":{"line":76,"column":17},"end":{"line":76,"column":27}},"type":"binary-expr","locations":[{"start":{"line":76,"column":17},"end":{"line":76,"column":27}},{"start":{"line":76,"column":25},"end":{"line":76,"column":27}}]},"10":{"loc":{"start":{"line":79,"column":2},"end":{"line":82,"column":3}},"type":"if","locations":[{"start":{"line":79,"column":2},"end":{"line":82,"column":3}}]},"11":{"loc":{"start":{"line":84,"column":2},"end":{"line":87,"column":3}},"type":"if","locations":[{"start":{"line":84,"column":2},"end":{"line":87,"column":3}}]},"12":{"loc":{"start":{"line":84,"column":6},"end":{"line":84,"column":44}},"type":"binary-expr","locations":[{"start":{"line":84,"column":6},"end":{"line":84,"column":15}},{"start":{"line":84,"column":19},"end":{"line":84,"column":44}}]},"13":{"loc":{"start":{"line":97,"column":4},"end":{"line":100,"column":5}},"type":"if","locations":[{"start":{"line":97,"column":4},"end":{"line":100,"column":5}}]},"14":{"loc":{"start":{"line":105,"column":4},"end":{"line":110,"column":5}},"type":"if","locations":[{"start":{"line":105,"column":4},"end":{"line":110,"column":5}},{"start":{"line":108,"column":11},"end":{"line":110,"column":5}}]},"15":{"loc":{"start":{"line":118,"column":17},"end":{"line":118,"column":33}},"type":"cond-expr","locations":[{"start":{"line":118,"column":25},"end":{"line":118,"column":27}},{"start":{"line":118,"column":25},"end":{"line":118,"column":33}}]},"16":{"loc":{"start":{"line":118,"column":17},"end":{"line":118,"column":27}},"type":"binary-expr","locations":[{"start":{"line":118,"column":17},"end":{"line":118,"column":27}},{"start":{"line":118,"column":25},"end":{"line":118,"column":27}}]},"17":{"loc":{"start":{"line":122,"column":2},"end":{"line":125,"column":3}},"type":"if","locations":[{"start":{"line":122,"column":2},"end":{"line":125,"column":3}}]},"18":{"loc":{"start":{"line":127,"column":2},"end":{"line":130,"column":3}},"type":"if","locations":[{"start":{"line":127,"column":2},"end":{"line":130,"column":3}}]},"19":{"loc":{"start":{"line":127,"column":6},"end":{"line":127,"column":44}},"type":"binary-expr","locations":[{"start":{"line":127,"column":6},"end":{"line":127,"column":15}},{"start":{"line":127,"column":19},"end":{"line":127,"column":44}}]},"20":{"loc":{"start":{"line":135,"column":2},"end":{"line":137,"column":3}},"type":"if","locations":[{"start":{"line":135,"column":2},"end":{"line":137,"column":3}}]},"21":{"loc":{"start":{"line":138,"column":2},"end":{"line":142,"column":3}},"type":"if","locations":[{"start":{"line":138,"column":2},"end":{"line":142,"column":3}}]},"22":{"loc":{"start":{"line":144,"column":2},"end":{"line":147,"column":3}},"type":"if","locations":[{"start":{"line":144,"column":2},"end":{"line":147,"column":3}}]},"23":{"loc":{"start":{"line":158,"column":4},"end":{"line":161,"column":5}},"type":"if","locations":[{"start":{"line":158,"column":4},"end":{"line":161,"column":5}}]},"24":{"loc":{"start":{"line":175,"column":4},"end":{"line":180,"column":5}},"type":"if","locations":[{"start":{"line":175,"column":4},"end":{"line":180,"column":5}},{"start":{"line":178,"column":11},"end":{"line":180,"column":5}}]},"25":{"loc":{"start":{"line":189,"column":17},"end":{"line":189,"column":33}},"type":"cond-expr","locations":[{"start":{"line":189,"column":25},"end":{"line":189,"column":27}},{"start":{"line":189,"column":25},"end":{"line":189,"column":33}}]},"26":{"loc":{"start":{"line":189,"column":17},"end":{"line":189,"column":27}},"type":"binary-expr","locations":[{"start":{"line":189,"column":17},"end":{"line":189,"column":27}},{"start":{"line":189,"column":25},"end":{"line":189,"column":27}}]},"27":{"loc":{"start":{"line":192,"column":2},"end":{"line":195,"column":3}},"type":"if","locations":[{"start":{"line":192,"column":2},"end":{"line":195,"column":3}}]},"28":{"loc":{"start":{"line":197,"column":2},"end":{"line":200,"column":3}},"type":"if","locations":[{"start":{"line":197,"column":2},"end":{"line":200,"column":3}}]},"29":{"loc":{"start":{"line":197,"column":6},"end":{"line":197,"column":44}},"type":"binary-expr","locations":[{"start":{"line":197,"column":6},"end":{"line":197,"column":15}},{"start":{"line":197,"column":19},"end":{"line":197,"column":44}}]},"30":{"loc":{"start":{"line":211,"column":4},"end":{"line":215,"column":5}},"type":"if","locations":[{"start":{"line":211,"column":4},"end":{"line":215,"column":5}}]},"31":{"loc":{"start":{"line":227,"column":4},"end":{"line":232,"column":5}},"type":"if","locations":[{"start":{"line":227,"column":4},"end":{"line":232,"column":5}},{"start":{"line":230,"column":11},"end":{"line":232,"column":5}}]}},"s":{"0":1,"1":1,"2":1,"3":0,"4":0,"5":0,"6":0,"7":0,"8":0,"9":0,"10":0,"11":0,"12":0,"13":0,"14":0,"15":0,"16":0,"17":0,"18":0,"19":0,"20":1,"21":1,"22":0,"23":0,"24":0,"25":0,"26":0,"27":0,"28":0,"29":0,"30":0,"31":0,"32":0,"33":0,"34":0,"35":0,"36":0,"37":0,"38":1,"39":1,"40":0,"41":0,"42":0,"43":0,"44":0,"45":0,"46":0,"47":0,"48":0,"49":0,"50":0,"51":0,"52":0,"53":0,"54":0,"55":0,"56":0,"57":0,"58":0,"59":0,"60":0,"61":0,"62":0,"63":1,"64":1,"65":0,"66":0,"67":0,"68":0,"69":0,"70":0,"71":0,"72":0,"73":0,"74":0,"75":0,"76":0,"77":0,"78":0,"79":0,"80":0,"81":0,"82":0,"83":0,"84":0,"85":0,"86":0,"87":0,"88":0,"89":0,"90":0,"91":0,"92":0,"93":0,"94":0,"95":0,"96":0,"97":0,"98":1,"99":1,"100":0,"101":0,"102":0,"103":0,"104":0,"105":0,"106":0,"107":0,"108":0,"109":0,"110":0,"111":0,"112":0,"113":0,"114":0,"115":0,"116":0,"117":0,"118":0,"119":0,"120":0,"121":0,"122":0,"123":0,"124":1},"f":{"0":0,"1":0,"2":0,"3":0,"4":0,"5":0,"6":0,"7":0,"8":0,"9":0},"b":{"0":[0,0],"1":[0,0],"2":[0],"3":[0,0],"4":[0,0],"5":[0,0],"6":[0],"7":[0,0],"8":[0,0],"9":[0,0],"10":[0],"11":[0],"12":[0,0],"13":[0],"14":[0,0],"15":[0,0],"16":[0,0],"17":[0],"18":[0],"19":[0,0],"20":[0],"21":[0],"22":[0],"23":[0],"24":[0,0],"25":[0,0],"26":[0,0],"27":[0],"28":[0],"29":[0,0],"30":[0],"31":[0,0]}}
,"/home/antonio/programming/elevate/elevate1-core-api/src/controllers/questionset.controller.ts": {"path":"/home/antonio/programming/elevate/elevate1-core-api/src/controllers/questionset.controller.ts","statementMap":{"0":{"start":{"line":2,"column":0},"end":{"line":2,"column":46}},"1":{"start":{"line":5,"column":15},"end":{"line":5,"column":33}},"2":{"start":{"line":7,"column":33},"end":{"line":61,"column":2}},"3":{"start":{"line":7,"column":90},"end":{"line":61,"column":2}},"4":{"start":{"line":8,"column":17},"end":{"line":8,"column":33}},"5":{"start":{"line":9,"column":23},"end":{"line":9,"column":33}},"6":{"start":{"line":10,"column":19},"end":{"line":10,"column":27}},"7":{"start":{"line":12,"column":2},"end":{"line":16,"column":3}},"8":{"start":{"line":14,"column":4},"end":{"line":14,"column":64}},"9":{"start":{"line":15,"column":4},"end":{"line":15,"column":11}},"10":{"start":{"line":18,"column":25},"end":{"line":18,"column":43}},"11":{"start":{"line":19,"column":2},"end":{"line":22,"column":3}},"12":{"start":{"line":20,"column":4},"end":{"line":20,"column":68}},"13":{"start":{"line":21,"column":4},"end":{"line":21,"column":11}},"14":{"start":{"line":26,"column":2},"end":{"line":60,"column":3}},"15":{"start":{"line":28,"column":19},"end":{"line":33,"column":6}},"16":{"start":{"line":35,"column":4},"end":{"line":38,"column":5}},"17":{"start":{"line":36,"column":6},"end":{"line":36,"column":77}},"18":{"start":{"line":37,"column":6},"end":{"line":37,"column":13}},"19":{"start":{"line":41,"column":27},"end":{"line":46,"column":6}},"20":{"start":{"line":48,"column":4},"end":{"line":48,"column":41}},"21":{"start":{"line":50,"column":4},"end":{"line":50,"column":55}},"22":{"start":{"line":51,"column":4},"end":{"line":56,"column":5}},"23":{"start":{"line":52,"column":6},"end":{"line":52,"column":47}},"24":{"start":{"line":53,"column":6},"end":{"line":53,"column":43}},"25":{"start":{"line":55,"column":6},"end":{"line":55,"column":50}},"26":{"start":{"line":57,"column":4},"end":{"line":57,"column":81}},"27":{"start":{"line":58,"column":4},"end":{"line":58,"column":59}},"28":{"start":{"line":59,"column":4},"end":{"line":59,"column":71}},"29":{"start":{"line":7,"column":13},"end":{"line":7,"column":33}},"30":{"start":{"line":63,"column":39},"end":{"line":107,"column":2}},"31":{"start":{"line":63,"column":96},"end":{"line":107,"column":2}},"32":{"start":{"line":64,"column":17},"end":{"line":64,"column":33}},"33":{"start":{"line":65,"column":23},"end":{"line":65,"column":33}},"34":{"start":{"line":67,"column":2},"end":{"line":70,"column":3}},"35":{"start":{"line":68,"column":4},"end":{"line":68,"column":64}},"36":{"start":{"line":69,"column":4},"end":{"line":69,"column":11}},"37":{"start":{"line":72,"column":25},"end":{"line":72,"column":43}},"38":{"start":{"line":73,"column":2},"end":{"line":76,"column":3}},"39":{"start":{"line":74,"column":4},"end":{"line":74,"column":68}},"40":{"start":{"line":75,"column":4},"end":{"line":75,"column":11}},"41":{"start":{"line":78,"column":2},"end":{"line":106,"column":3}},"42":{"start":{"line":80,"column":19},"end":{"line":85,"column":6}},"43":{"start":{"line":87,"column":4},"end":{"line":90,"column":5}},"44":{"start":{"line":88,"column":6},"end":{"line":88,"column":77}},"45":{"start":{"line":89,"column":6},"end":{"line":89,"column":13}},"46":{"start":{"line":93,"column":25},"end":{"line":100,"column":6}},"47":{"start":{"line":102,"column":4},"end":{"line":102,"column":39}},"48":{"start":{"line":104,"column":4},"end":{"line":104,"column":68}},"49":{"start":{"line":105,"column":4},"end":{"line":105,"column":74}},"50":{"start":{"line":63,"column":13},"end":{"line":63,"column":39}},"51":{"start":{"line":109,"column":34},"end":{"line":145,"column":2}},"52":{"start":{"line":109,"column":91},"end":{"line":145,"column":2}},"53":{"start":{"line":110,"column":2},"end":{"line":144,"column":3}},"54":{"start":{"line":111,"column":26},"end":{"line":111,"column":53}},"55":{"start":{"line":112,"column":19},"end":{"line":112,"column":35}},"56":{"start":{"line":116,"column":24},"end":{"line":123,"column":6}},"57":{"start":{"line":125,"column":4},"end":{"line":128,"column":5}},"58":{"start":{"line":126,"column":6},"end":{"line":126,"column":66}},"59":{"start":{"line":127,"column":6},"end":{"line":127,"column":13}},"60":{"start":{"line":131,"column":4},"end":{"line":135,"column":5}},"61":{"start":{"line":133,"column":6},"end":{"line":133,"column":83}},"62":{"start":{"line":134,"column":6},"end":{"line":134,"column":13}},"63":{"start":{"line":140,"column":4},"end":{"line":140,"column":38}},"64":{"start":{"line":142,"column":4},"end":{"line":142,"column":57}},"65":{"start":{"line":143,"column":4},"end":{"line":143,"column":73}},"66":{"start":{"line":109,"column":13},"end":{"line":109,"column":34}},"67":{"start":{"line":147,"column":33},"end":{"line":193,"column":2}},"68":{"start":{"line":147,"column":90},"end":{"line":193,"column":2}},"69":{"start":{"line":148,"column":2},"end":{"line":192,"column":3}},"70":{"start":{"line":149,"column":26},"end":{"line":149,"column":53}},"71":{"start":{"line":150,"column":19},"end":{"line":150,"column":35}},"72":{"start":{"line":151,"column":21},"end":{"line":151,"column":29}},"73":{"start":{"line":156,"column":24},"end":{"line":159,"column":6}},"74":{"start":{"line":161,"column":4},"end":{"line":164,"column":5}},"75":{"start":{"line":162,"column":6},"end":{"line":162,"column":66}},"76":{"start":{"line":163,"column":6},"end":{"line":163,"column":13}},"77":{"start":{"line":166,"column":4},"end":{"line":169,"column":5}},"78":{"start":{"line":167,"column":6},"end":{"line":167,"column":83}},"79":{"start":{"line":168,"column":6},"end":{"line":168,"column":13}},"80":{"start":{"line":175,"column":4},"end":{"line":181,"column":5}},"81":{"start":{"line":179,"column":6},"end":{"line":179,"column":40}},"82":{"start":{"line":180,"column":6},"end":{"line":180,"column":13}},"83":{"start":{"line":183,"column":31},"end":{"line":186,"column":6}},"84":{"start":{"line":188,"column":4},"end":{"line":188,"column":45}},"85":{"start":{"line":190,"column":4},"end":{"line":190,"column":56}},"86":{"start":{"line":191,"column":4},"end":{"line":191,"column":71}},"87":{"start":{"line":147,"column":13},"end":{"line":147,"column":33}},"88":{"start":{"line":195,"column":33},"end":{"line":226,"column":2}},"89":{"start":{"line":195,"column":90},"end":{"line":226,"column":2}},"90":{"start":{"line":196,"column":2},"end":{"line":225,"column":3}},"91":{"start":{"line":197,"column":26},"end":{"line":197,"column":53}},"92":{"start":{"line":198,"column":19},"end":{"line":198,"column":35}},"93":{"start":{"line":202,"column":24},"end":{"line":205,"column":6}},"94":{"start":{"line":207,"column":4},"end":{"line":210,"column":5}},"95":{"start":{"line":208,"column":6},"end":{"line":208,"column":66}},"96":{"start":{"line":209,"column":6},"end":{"line":209,"column":13}},"97":{"start":{"line":212,"column":4},"end":{"line":215,"column":5}},"98":{"start":{"line":213,"column":6},"end":{"line":213,"column":83}},"99":{"start":{"line":214,"column":6},"end":{"line":214,"column":13}},"100":{"start":{"line":217,"column":4},"end":{"line":219,"column":7}},"101":{"start":{"line":221,"column":4},"end":{"line":221,"column":27}},"102":{"start":{"line":223,"column":4},"end":{"line":223,"column":56}},"103":{"start":{"line":224,"column":4},"end":{"line":224,"column":71}},"104":{"start":{"line":195,"column":13},"end":{"line":195,"column":33}}},"fnMap":{"0":{"name":"(anonymous_7)","decl":{"start":{"line":7,"column":33},"end":{"line":7,"column":40}},"loc":{"start":{"line":7,"column":90},"end":{"line":61,"column":2}}},"1":{"name":"(anonymous_8)","decl":{"start":{"line":7,"column":90},"end":{"line":7,"column":null}},"loc":{"start":{"line":7,"column":90},"end":{"line":61,"column":1}}},"2":{"name":"(anonymous_9)","decl":{"start":{"line":63,"column":39},"end":{"line":63,"column":46}},"loc":{"start":{"line":63,"column":96},"end":{"line":107,"column":2}}},"3":{"name":"(anonymous_10)","decl":{"start":{"line":63,"column":96},"end":{"line":63,"column":null}},"loc":{"start":{"line":63,"column":96},"end":{"line":107,"column":1}}},"4":{"name":"(anonymous_11)","decl":{"start":{"line":109,"column":34},"end":{"line":109,"column":41}},"loc":{"start":{"line":109,"column":91},"end":{"line":145,"column":2}}},"5":{"name":"(anonymous_12)","decl":{"start":{"line":109,"column":91},"end":{"line":109,"column":null}},"loc":{"start":{"line":109,"column":91},"end":{"line":145,"column":1}}},"6":{"name":"(anonymous_13)","decl":{"start":{"line":147,"column":33},"end":{"line":147,"column":40}},"loc":{"start":{"line":147,"column":90},"end":{"line":193,"column":2}}},"7":{"name":"(anonymous_14)","decl":{"start":{"line":147,"column":90},"end":{"line":147,"column":null}},"loc":{"start":{"line":147,"column":90},"end":{"line":193,"column":1}}},"8":{"name":"(anonymous_15)","decl":{"start":{"line":195,"column":33},"end":{"line":195,"column":40}},"loc":{"start":{"line":195,"column":90},"end":{"line":226,"column":2}}},"9":{"name":"(anonymous_16)","decl":{"start":{"line":195,"column":90},"end":{"line":195,"column":null}},"loc":{"start":{"line":195,"column":90},"end":{"line":226,"column":1}}}},"branchMap":{"0":{"loc":{"start":{"line":8,"column":17},"end":{"line":8,"column":33}},"type":"cond-expr","locations":[{"start":{"line":8,"column":25},"end":{"line":8,"column":27}},{"start":{"line":8,"column":25},"end":{"line":8,"column":33}}]},"1":{"loc":{"start":{"line":8,"column":17},"end":{"line":8,"column":27}},"type":"binary-expr","locations":[{"start":{"line":8,"column":17},"end":{"line":8,"column":27}},{"start":{"line":8,"column":25},"end":{"line":8,"column":27}}]},"2":{"loc":{"start":{"line":12,"column":2},"end":{"line":16,"column":3}},"type":"if","locations":[{"start":{"line":12,"column":2},"end":{"line":16,"column":3}}]},"3":{"loc":{"start":{"line":19,"column":2},"end":{"line":22,"column":3}},"type":"if","locations":[{"start":{"line":19,"column":2},"end":{"line":22,"column":3}}]},"4":{"loc":{"start":{"line":35,"column":4},"end":{"line":38,"column":5}},"type":"if","locations":[{"start":{"line":35,"column":4},"end":{"line":38,"column":5}}]},"5":{"loc":{"start":{"line":51,"column":4},"end":{"line":56,"column":5}},"type":"if","locations":[{"start":{"line":51,"column":4},"end":{"line":56,"column":5}},{"start":{"line":54,"column":11},"end":{"line":56,"column":5}}]},"6":{"loc":{"start":{"line":64,"column":17},"end":{"line":64,"column":33}},"type":"cond-expr","locations":[{"start":{"line":64,"column":25},"end":{"line":64,"column":27}},{"start":{"line":64,"column":25},"end":{"line":64,"column":33}}]},"7":{"loc":{"start":{"line":64,"column":17},"end":{"line":64,"column":27}},"type":"binary-expr","locations":[{"start":{"line":64,"column":17},"end":{"line":64,"column":27}},{"start":{"line":64,"column":25},"end":{"line":64,"column":27}}]},"8":{"loc":{"start":{"line":67,"column":2},"end":{"line":70,"column":3}},"type":"if","locations":[{"start":{"line":67,"column":2},"end":{"line":70,"column":3}}]},"9":{"loc":{"start":{"line":73,"column":2},"end":{"line":76,"column":3}},"type":"if","locations":[{"start":{"line":73,"column":2},"end":{"line":76,"column":3}}]},"10":{"loc":{"start":{"line":87,"column":4},"end":{"line":90,"column":5}},"type":"if","locations":[{"start":{"line":87,"column":4},"end":{"line":90,"column":5}}]},"11":{"loc":{"start":{"line":125,"column":4},"end":{"line":128,"column":5}},"type":"if","locations":[{"start":{"line":125,"column":4},"end":{"line":128,"column":5}}]},"12":{"loc":{"start":{"line":131,"column":4},"end":{"line":135,"column":5}},"type":"if","locations":[{"start":{"line":131,"column":4},"end":{"line":135,"column":5}}]},"13":{"loc":{"start":{"line":161,"column":4},"end":{"line":164,"column":5}},"type":"if","locations":[{"start":{"line":161,"column":4},"end":{"line":164,"column":5}}]},"14":{"loc":{"start":{"line":166,"column":4},"end":{"line":169,"column":5}},"type":"if","locations":[{"start":{"line":166,"column":4},"end":{"line":169,"column":5}}]},"15":{"loc":{"start":{"line":175,"column":4},"end":{"line":181,"column":5}},"type":"if","locations":[{"start":{"line":175,"column":4},"end":{"line":181,"column":5}}]},"16":{"loc":{"start":{"line":207,"column":4},"end":{"line":210,"column":5}},"type":"if","locations":[{"start":{"line":207,"column":4},"end":{"line":210,"column":5}}]},"17":{"loc":{"start":{"line":212,"column":4},"end":{"line":215,"column":5}},"type":"if","locations":[{"start":{"line":212,"column":4},"end":{"line":215,"column":5}}]}},"s":{"0":1,"1":1,"2":1,"3":4,"4":4,"5":4,"6":4,"7":4,"8":0,"9":0,"10":4,"11":4,"12":1,"13":1,"14":3,"15":3,"16":3,"17":2,"18":2,"19":1,"20":1,"21":0,"22":0,"23":0,"24":0,"25":0,"26":0,"27":0,"28":0,"29":1,"30":1,"31":5,"32":5,"33":5,"34":5,"35":0,"36":0,"37":5,"38":5,"39":1,"40":1,"41":4,"42":4,"43":4,"44":2,"45":2,"46":2,"47":2,"48":0,"49":0,"50":1,"51":1,"52":3,"53":3,"54":3,"55":3,"56":3,"57":3,"58":1,"59":1,"60":2,"61":1,"62":1,"63":1,"64":0,"65":0,"66":1,"67":1,"68":4,"69":4,"70":4,"71":4,"72":4,"73":4,"74":4,"75":1,"76":1,"77":3,"78":1,"79":1,"80":2,"81":1,"82":1,"83":1,"84":1,"85":0,"86":0,"87":1,"88":1,"89":3,"90":3,"91":3,"92":3,"93":3,"94":3,"95":1,"96":1,"97":2,"98":1,"99":1,"100":1,"101":1,"102":0,"103":0,"104":1},"f":{"0":4,"1":4,"2":5,"3":5,"4":3,"5":3,"6":4,"7":4,"8":3,"9":3},"b":{"0":[0,4],"1":[4,4],"2":[0],"3":[1],"4":[2],"5":[0,0],"6":[0,5],"7":[5,5],"8":[0],"9":[1],"10":[2],"11":[1],"12":[1],"13":[1],"14":[1],"15":[1],"16":[1],"17":[1]}}
,"/home/antonio/programming/elevate/elevate1-core-api/src/controllers/user.controller.ts": {"path":"/home/antonio/programming/elevate/elevate1-core-api/src/controllers/user.controller.ts","statementMap":{"0":{"start":{"line":4,"column":0},"end":{"line":4,"column":46}},"1":{"start":{"line":6,"column":15},"end":{"line":6,"column":33}},"2":{"start":{"line":8,"column":28},"end":{"line":32,"column":2}},"3":{"start":{"line":8,"column":85},"end":{"line":32,"column":2}},"4":{"start":{"line":10,"column":2},"end":{"line":13,"column":3}},"5":{"start":{"line":11,"column":4},"end":{"line":11,"column":68}},"6":{"start":{"line":12,"column":4},"end":{"line":12,"column":11}},"7":{"start":{"line":15,"column":2},"end":{"line":31,"column":3}},"8":{"start":{"line":16,"column":17},"end":{"line":19,"column":6}},"9":{"start":{"line":21,"column":4},"end":{"line":24,"column":5}},"10":{"start":{"line":22,"column":6},"end":{"line":22,"column":58}},"11":{"start":{"line":23,"column":6},"end":{"line":23,"column":13}},"12":{"start":{"line":25,"column":4},"end":{"line":25,"column":19}},"13":{"start":{"line":26,"column":4},"end":{"line":26,"column":11}},"14":{"start":{"line":28,"column":4},"end":{"line":28,"column":52}},"15":{"start":{"line":29,"column":4},"end":{"line":29,"column":70}},"16":{"start":{"line":30,"column":4},"end":{"line":30,"column":11}},"17":{"start":{"line":8,"column":13},"end":{"line":8,"column":28}}},"fnMap":{"0":{"name":"(anonymous_7)","decl":{"start":{"line":8,"column":28},"end":{"line":8,"column":35}},"loc":{"start":{"line":8,"column":85},"end":{"line":32,"column":2}}},"1":{"name":"(anonymous_8)","decl":{"start":{"line":8,"column":85},"end":{"line":8,"column":null}},"loc":{"start":{"line":8,"column":85},"end":{"line":32,"column":1}}}},"branchMap":{"0":{"loc":{"start":{"line":10,"column":2},"end":{"line":13,"column":3}},"type":"if","locations":[{"start":{"line":10,"column":2},"end":{"line":13,"column":3}}]},"1":{"loc":{"start":{"line":10,"column":6},"end":{"line":10,"column":54}},"type":"binary-expr","locations":[{"start":{"line":10,"column":6},"end":{"line":10,"column":15}},{"start":{"line":10,"column":19},"end":{"line":10,"column":54}}]},"2":{"loc":{"start":{"line":21,"column":4},"end":{"line":24,"column":5}},"type":"if","locations":[{"start":{"line":21,"column":4},"end":{"line":24,"column":5}}]}},"s":{"0":1,"1":1,"2":1,"3":0,"4":0,"5":0,"6":0,"7":0,"8":0,"9":0,"10":0,"11":0,"12":0,"13":0,"14":0,"15":0,"16":0,"17":1},"f":{"0":0,"1":0},"b":{"0":[0],"1":[0,0],"2":[0]}}
,"/home/antonio/programming/elevate/elevate1-core-api/src/middleware/auth.middleware.ts": {"path":"/home/antonio/programming/elevate/elevate1-core-api/src/middleware/auth.middleware.ts","statementMap":{"0":{"start":{"line":3,"column":0},"end":{"line":3,"column":31}},"1":{"start":{"line":10,"column":23},"end":{"line":27,"column":1}},"2":{"start":{"line":11,"column":21},"end":{"line":11,"column":49}},"3":{"start":{"line":13,"column":2},"end":{"line":26,"column":3}},"4":{"start":{"line":14,"column":18},"end":{"line":14,"column":42}},"5":{"start":{"line":15,"column":4},"end":{"line":22,"column":5}},"6":{"start":{"line":16,"column":22},"end":{"line":16,"column":112}},"7":{"start":{"line":17,"column":7},"end":{"line":17,"column":61}},"8":{"start":{"line":18,"column":6},"end":{"line":18,"column":13}},"9":{"start":{"line":20,"column":6},"end":{"line":20,"column":62}},"10":{"start":{"line":21,"column":6},"end":{"line":21,"column":13}},"11":{"start":{"line":24,"column":4},"end":{"line":24,"column":72}},"12":{"start":{"line":25,"column":4},"end":{"line":25,"column":11}},"13":{"start":{"line":10,"column":13},"end":{"line":10,"column":23}}},"fnMap":{"0":{"name":"(anonymous_1)","decl":{"start":{"line":10,"column":23},"end":{"line":10,"column":24}},"loc":{"start":{"line":10,"column":81},"end":{"line":27,"column":1}}}},"branchMap":{"0":{"loc":{"start":{"line":13,"column":2},"end":{"line":26,"column":3}},"type":"if","locations":[{"start":{"line":13,"column":2},"end":{"line":26,"column":3}},{"start":{"line":23,"column":9},"end":{"line":26,"column":3}}]},"1":{"loc":{"start":{"line":13,"column":6},"end":{"line":13,"column":52}},"type":"binary-expr","locations":[{"start":{"line":13,"column":6},"end":{"line":13,"column":16}},{"start":{"line":13,"column":20},"end":{"line":13,"column":52}}]}},"s":{"0":1,"1":1,"2":32,"3":32,"4":27,"5":27,"6":27,"7":27,"8":27,"9":0,"10":0,"11":5,"12":5,"13":1},"f":{"0":32},"b":{"0":[27,5],"1":[32,27]}}
,"/home/antonio/programming/elevate/elevate1-core-api/src/middleware/validation.ts": {"path":"/home/antonio/programming/elevate/elevate1-core-api/src/middleware/validation.ts","statementMap":{"0":{"start":{"line":2,"column":0},"end":{"line":2,"column":66}},"1":{"start":{"line":4,"column":31},"end":{"line":11,"column":1}},"2":{"start":{"line":5,"column":17},"end":{"line":5,"column":38}},"3":{"start":{"line":6,"column":2},"end":{"line":10,"column":3}},"4":{"start":{"line":7,"column":4},"end":{"line":7,"column":53}},"5":{"start":{"line":9,"column":4},"end":{"line":9,"column":11}},"6":{"start":{"line":13,"column":13},"end":{"line":21,"column":2}},"7":{"start":{"line":23,"column":13},"end":{"line":31,"column":2}},"8":{"start":{"line":33,"column":13},"end":{"line":41,"column":2}},"9":{"start":{"line":43,"column":13},"end":{"line":57,"column":2}},"10":{"start":{"line":59,"column":13},"end":{"line":67,"column":2}},"11":{"start":{"line":69,"column":13},"end":{"line":74,"column":2}},"12":{"start":{"line":76,"column":13},"end":{"line":85,"column":2}}},"fnMap":{"0":{"name":"(anonymous_0)","decl":{"start":{"line":4,"column":31},"end":{"line":4,"column":32}},"loc":{"start":{"line":4,"column":83},"end":{"line":11,"column":1}}}},"branchMap":{"0":{"loc":{"start":{"line":6,"column":2},"end":{"line":10,"column":3}},"type":"if","locations":[{"start":{"line":6,"column":2},"end":{"line":10,"column":3}},{"start":{"line":8,"column":9},"end":{"line":10,"column":3}}]}},"s":{"0":1,"1":1,"2":28,"3":28,"4":8,"5":20,"6":1,"7":1,"8":1,"9":1,"10":1,"11":1,"12":1},"f":{"0":28},"b":{"0":[8,20]}}
,"/home/antonio/programming/elevate/elevate1-core-api/src/routes/auth.ts": {"path":"/home/antonio/programming/elevate/elevate1-core-api/src/routes/auth.ts","statementMap":{"0":{"start":{"line":1,"column":0},"end":{"line":1,"column":33}},"1":{"start":{"line":2,"column":0},"end":{"line":2,"column":73}},"2":{"start":{"line":3,"column":0},"end":{"line":3,"column":75}},"3":{"start":{"line":5,"column":15},"end":{"line":5,"column":23}},"4":{"start":{"line":8,"column":0},"end":{"line":8,"column":60}},"5":{"start":{"line":11,"column":0},"end":{"line":11,"column":51}},"6":{"start":{"line":13,"column":13},"end":{"line":13,"column":33}}},"fnMap":{},"branchMap":{},"s":{"0":1,"1":1,"2":1,"3":1,"4":1,"5":1,"6":1},"f":{},"b":{}}
,"/home/antonio/programming/elevate/elevate1-core-api/src/routes/folder.routes.ts": {"path":"/home/antonio/programming/elevate/elevate1-core-api/src/routes/folder.routes.ts","statementMap":{"0":{"start":{"line":2,"column":0},"end":{"line":2,"column":33}},"1":{"start":{"line":3,"column":0},"end":{"line":3,"column":56}},"2":{"start":{"line":4,"column":0},"end":{"line":4,"column":86}},"3":{"start":{"line":5,"column":0},"end":{"line":5,"column":122}},"4":{"start":{"line":6,"column":0},"end":{"line":6,"column":53}},"5":{"start":{"line":8,"column":15},"end":{"line":8,"column":23}},"6":{"start":{"line":11,"column":0},"end":{"line":11,"column":65}},"7":{"start":{"line":14,"column":0},"end":{"line":14,"column":37}},"8":{"start":{"line":17,"column":0},"end":{"line":17,"column":43}},"9":{"start":{"line":20,"column":0},"end":{"line":20,"column":67}},"10":{"start":{"line":23,"column":0},"end":{"line":23,"column":45}},"11":{"start":{"line":26,"column":0},"end":{"line":26,"column":57}},"12":{"start":{"line":28,"column":0},"end":{"line":28,"column":22}}},"fnMap":{},"branchMap":{},"s":{"0":1,"1":1,"2":1,"3":1,"4":1,"5":1,"6":1,"7":1,"8":1,"9":1,"10":1,"11":1,"12":1},"f":{},"b":{}}
,"/home/antonio/programming/elevate/elevate1-core-api/src/routes/questionset.routes.ts": {"path":"/home/antonio/programming/elevate/elevate1-core-api/src/routes/questionset.routes.ts","statementMap":{"0":{"start":{"line":1,"column":0},"end":{"line":1,"column":33}},"1":{"start":{"line":2,"column":0},"end":{"line":2,"column":56}},"2":{"start":{"line":3,"column":0},"end":{"line":3,"column":null}},"3":{"start":{"line":10,"column":0},"end":{"line":10,"column":null}},"4":{"start":{"line":16,"column":15},"end":{"line":16,"column":44}},"5":{"start":{"line":19,"column":0},"end":{"line":19,"column":72}},"6":{"start":{"line":22,"column":0},"end":{"line":22,"column":50}},"7":{"start":{"line":25,"column":0},"end":{"line":25,"column":65}},"8":{"start":{"line":28,"column":0},"end":{"line":34,"column":2}},"9":{"start":{"line":37,"column":0},"end":{"line":37,"column":67}},"10":{"start":{"line":39,"column":0},"end":{"line":39,"column":22}}},"fnMap":{},"branchMap":{},"s":{"0":1,"1":1,"2":1,"3":1,"4":1,"5":1,"6":1,"7":1,"8":1,"9":1,"10":1},"f":{},"b":{}}
,"/home/antonio/programming/elevate/elevate1-core-api/src/routes/user.routes.ts": {"path":"/home/antonio/programming/elevate/elevate1-core-api/src/routes/user.routes.ts","statementMap":{"0":{"start":{"line":2,"column":0},"end":{"line":2,"column":33}},"1":{"start":{"line":3,"column":0},"end":{"line":3,"column":62}},"2":{"start":{"line":4,"column":0},"end":{"line":4,"column":56}},"3":{"start":{"line":6,"column":15},"end":{"line":6,"column":23}},"4":{"start":{"line":9,"column":0},"end":{"line":9,"column":46}},"5":{"start":{"line":11,"column":0},"end":{"line":11,"column":22}}},"fnMap":{},"branchMap":{},"s":{"0":1,"1":1,"2":1,"3":1,"4":1,"5":1},"f":{},"b":{}}
,"/home/antonio/programming/elevate/elevate1-core-api/src/utils/jwt.ts": {"path":"/home/antonio/programming/elevate/elevate1-core-api/src/utils/jwt.ts","statementMap":{"0":{"start":{"line":1,"column":0},"end":{"line":1,"column":48}},"1":{"start":{"line":9,"column":29},"end":{"line":23,"column":1}},"2":{"start":{"line":10,"column":17},"end":{"line":10,"column":39}},"3":{"start":{"line":11,"column":2},"end":{"line":14,"column":3}},"4":{"start":{"line":12,"column":4},"end":{"line":12,"column":73}},"5":{"start":{"line":13,"column":4},"end":{"line":13,"column":74}},"6":{"start":{"line":18,"column":31},"end":{"line":20,"column":4}},"7":{"start":{"line":22,"column":2},"end":{"line":22,"column":47}},"8":{"start":{"line":9,"column":13},"end":{"line":9,"column":29}}},"fnMap":{"0":{"name":"(anonymous_1)","decl":{"start":{"line":9,"column":29},"end":{"line":9,"column":30}},"loc":{"start":{"line":9,"column":56},"end":{"line":23,"column":1}}}},"branchMap":{"0":{"loc":{"start":{"line":11,"column":2},"end":{"line":14,"column":3}},"type":"if","locations":[{"start":{"line":11,"column":2},"end":{"line":14,"column":3}}]}},"s":{"0":1,"1":1,"2":1,"3":1,"4":0,"5":0,"6":1,"7":1,"8":1},"f":{"0":1},"b":{"0":[0]}}
}
