{"/home/antonio/programming/elevate/elevate1-core-api/src/server.ts": {"path":"/home/antonio/programming/elevate/elevate1-core-api/src/server.ts","statementMap":{"0":{"start":{"line":2,"column":0},"end":{"line":2,"column":24}},"1":{"start":{"line":3,"column":0},"end":{"line":3,"column":28}},"2":{"start":{"line":6,"column":0},"end":{"line":6,"column":16}},"3":{"start":{"line":8,"column":13},"end":{"line":8,"column":37}},"4":{"start":{"line":10,"column":0},"end":{"line":12,"column":3}},"5":{"start":{"line":11,"column":2},"end":{"line":11,"column":51}}},"fnMap":{"0":{"name":"(anonymous_1)","decl":{"start":{"line":10,"column":17},"end":{"line":10,"column":20}},"loc":{"start":{"line":10,"column":22},"end":{"line":12,"column":1}}}},"branchMap":{"0":{"loc":{"start":{"line":8,"column":13},"end":{"line":8,"column":37}},"type":"binary-expr","locations":[{"start":{"line":8,"column":13},"end":{"line":8,"column":29}},{"start":{"line":8,"column":33},"end":{"line":8,"column":37}}]}},"s":{"0":0,"1":0,"2":0,"3":0,"4":0,"5":0},"f":{"0":0},"b":{"0":[0,0]}}
,"/home/antonio/programming/elevate/elevate1-core-api/src/controllers/auth.controller.ts": {"path":"/home/antonio/programming/elevate/elevate1-core-api/src/controllers/auth.controller.ts","statementMap":{"0":{"start":{"line":2,"column":0},"end":{"line":2,"column":46}},"1":{"start":{"line":3,"column":0},"end":{"line":3,"column":30}},"2":{"start":{"line":4,"column":0},"end":{"line":4,"column":31}},"3":{"start":{"line":6,"column":15},"end":{"line":6,"column":33}},"4":{"start":{"line":8,"column":28},"end":{"line":64,"column":2}},"5":{"start":{"line":8,"column":81},"end":{"line":64,"column":2}},"6":{"start":{"line":9,"column":2},"end":{"line":63,"column":3}},"7":{"start":{"line":10,"column":32},"end":{"line":10,"column":40}},"8":{"start":{"line":13,"column":25},"end":{"line":13,"column":75}},"9":{"start":{"line":14,"column":4},"end":{"line":17,"column":5}},"10":{"start":{"line":15,"column":6},"end":{"line":15,"column":63}},"11":{"start":{"line":16,"column":6},"end":{"line":16,"column":13}},"12":{"start":{"line":20,"column":27},"end":{"line":20,"column":58}},"13":{"start":{"line":23,"column":17},"end":{"line":28,"column":6}},"14":{"start":{"line":31,"column":19},"end":{"line":31,"column":41}},"15":{"start":{"line":32,"column":4},"end":{"line":36,"column":5}},"16":{"start":{"line":33,"column":6},"end":{"line":33,"column":74}},"17":{"start":{"line":34,"column":6},"end":{"line":34,"column":92}},"18":{"start":{"line":35,"column":6},"end":{"line":35,"column":13}},"19":{"start":{"line":39,"column":29},"end":{"line":39,"column":41}},"20":{"start":{"line":40,"column":41},"end":{"line":42,"column":6}},"21":{"start":{"line":45,"column":18},"end":{"line":48,"column":null}},"22":{"start":{"line":51,"column":4},"end":{"line":57,"column":7}},"23":{"start":{"line":58,"column":4},"end":{"line":58,"column":11}},"24":{"start":{"line":60,"column":4},"end":{"line":60,"column":48}},"25":{"start":{"line":61,"column":4},"end":{"line":61,"column":61}},"26":{"start":{"line":62,"column":4},"end":{"line":62,"column":11}},"27":{"start":{"line":8,"column":13},"end":{"line":8,"column":28}},"28":{"start":{"line":66,"column":25},"end":{"line":118,"column":2}},"29":{"start":{"line":66,"column":78},"end":{"line":118,"column":2}},"30":{"start":{"line":67,"column":2},"end":{"line":117,"column":3}},"31":{"start":{"line":68,"column":32},"end":{"line":68,"column":40}},"32":{"start":{"line":71,"column":17},"end":{"line":71,"column":67}},"33":{"start":{"line":72,"column":4},"end":{"line":75,"column":5}},"34":{"start":{"line":73,"column":6},"end":{"line":73,"column":63}},"35":{"start":{"line":74,"column":6},"end":{"line":74,"column":13}},"36":{"start":{"line":78,"column":28},"end":{"line":78,"column":73}},"37":{"start":{"line":79,"column":4},"end":{"line":82,"column":5}},"38":{"start":{"line":80,"column":6},"end":{"line":80,"column":63}},"39":{"start":{"line":81,"column":6},"end":{"line":81,"column":13}},"40":{"start":{"line":85,"column":19},"end":{"line":85,"column":41}},"41":{"start":{"line":86,"column":4},"end":{"line":90,"column":5}},"42":{"start":{"line":87,"column":6},"end":{"line":87,"column":74}},"43":{"start":{"line":88,"column":6},"end":{"line":88,"column":92}},"44":{"start":{"line":89,"column":6},"end":{"line":89,"column":13}},"45":{"start":{"line":93,"column":29},"end":{"line":93,"column":41}},"46":{"start":{"line":94,"column":41},"end":{"line":96,"column":6}},"47":{"start":{"line":99,"column":18},"end":{"line":102,"column":null}},"48":{"start":{"line":105,"column":4},"end":{"line":111,"column":7}},"49":{"start":{"line":112,"column":4},"end":{"line":112,"column":11}},"50":{"start":{"line":114,"column":4},"end":{"line":114,"column":41}},"51":{"start":{"line":115,"column":4},"end":{"line":115,"column":54}},"52":{"start":{"line":116,"column":4},"end":{"line":116,"column":11}},"53":{"start":{"line":66,"column":13},"end":{"line":66,"column":25}}},"fnMap":{"0":{"name":"(anonymous_8)","decl":{"start":{"line":8,"column":28},"end":{"line":8,"column":35}},"loc":{"start":{"line":8,"column":81},"end":{"line":64,"column":2}}},"1":{"name":"(anonymous_9)","decl":{"start":{"line":8,"column":81},"end":{"line":8,"column":null}},"loc":{"start":{"line":8,"column":81},"end":{"line":64,"column":1}}},"2":{"name":"(anonymous_10)","decl":{"start":{"line":66,"column":25},"end":{"line":66,"column":32}},"loc":{"start":{"line":66,"column":78},"end":{"line":118,"column":2}}},"3":{"name":"(anonymous_11)","decl":{"start":{"line":66,"column":78},"end":{"line":66,"column":null}},"loc":{"start":{"line":66,"column":78},"end":{"line":118,"column":1}}}},"branchMap":{"0":{"loc":{"start":{"line":14,"column":4},"end":{"line":17,"column":5}},"type":"if","locations":[{"start":{"line":14,"column":4},"end":{"line":17,"column":5}}]},"1":{"loc":{"start":{"line":32,"column":4},"end":{"line":36,"column":5}},"type":"if","locations":[{"start":{"line":32,"column":4},"end":{"line":36,"column":5}}]},"2":{"loc":{"start":{"line":72,"column":4},"end":{"line":75,"column":5}},"type":"if","locations":[{"start":{"line":72,"column":4},"end":{"line":75,"column":5}}]},"3":{"loc":{"start":{"line":79,"column":4},"end":{"line":82,"column":5}},"type":"if","locations":[{"start":{"line":79,"column":4},"end":{"line":82,"column":5}}]},"4":{"loc":{"start":{"line":86,"column":4},"end":{"line":90,"column":5}},"type":"if","locations":[{"start":{"line":86,"column":4},"end":{"line":90,"column":5}}]}},"s":{"0":4,"1":4,"2":4,"3":4,"4":4,"5":9,"6":9,"7":9,"8":9,"9":9,"10":1,"11":1,"12":8,"13":8,"14":8,"15":8,"16":0,"17":0,"18":0,"19":8,"20":8,"21":8,"22":8,"23":8,"24":0,"25":0,"26":0,"27":4,"28":4,"29":3,"30":3,"31":3,"32":3,"33":3,"34":1,"35":1,"36":2,"37":2,"38":1,"39":1,"40":1,"41":1,"42":0,"43":0,"44":0,"45":1,"46":1,"47":1,"48":1,"49":1,"50":0,"51":0,"52":0,"53":4},"f":{"0":9,"1":9,"2":3,"3":3},"b":{"0":[1],"1":[0],"2":[1],"3":[1],"4":[0]}}
,"/home/antonio/programming/elevate/elevate1-core-api/src/controllers/folder.controller.ts": {"path":"/home/antonio/programming/elevate/elevate1-core-api/src/controllers/folder.controller.ts","statementMap":{"0":{"start":{"line":4,"column":0},"end":{"line":4,"column":46}},"1":{"start":{"line":6,"column":15},"end":{"line":6,"column":33}},"2":{"start":{"line":8,"column":28},"end":{"line":40,"column":2}},"3":{"start":{"line":8,"column":85},"end":{"line":40,"column":2}},"4":{"start":{"line":9,"column":32},"end":{"line":9,"column":40}},"5":{"start":{"line":10,"column":17},"end":{"line":10,"column":33}},"6":{"start":{"line":12,"column":2},"end":{"line":16,"column":3}},"7":{"start":{"line":14,"column":4},"end":{"line":14,"column":64}},"8":{"start":{"line":15,"column":4},"end":{"line":15,"column":11}},"9":{"start":{"line":18,"column":2},"end":{"line":39,"column":3}},"10":{"start":{"line":19,"column":22},"end":{"line":25,"column":6}},"11":{"start":{"line":26,"column":4},"end":{"line":26,"column":36}},"12":{"start":{"line":28,"column":4},"end":{"line":28,"column":49}},"13":{"start":{"line":29,"column":4},"end":{"line":34,"column":5}},"14":{"start":{"line":30,"column":6},"end":{"line":30,"column":47}},"15":{"start":{"line":31,"column":6},"end":{"line":31,"column":43}},"16":{"start":{"line":33,"column":6},"end":{"line":33,"column":50}},"17":{"start":{"line":35,"column":4},"end":{"line":35,"column":81}},"18":{"start":{"line":36,"column":4},"end":{"line":36,"column":53}},"19":{"start":{"line":38,"column":4},"end":{"line":38,"column":65}},"20":{"start":{"line":8,"column":13},"end":{"line":8,"column":28}},"21":{"start":{"line":42,"column":26},"end":{"line":73,"column":2}},"22":{"start":{"line":42,"column":83},"end":{"line":73,"column":2}},"23":{"start":{"line":43,"column":17},"end":{"line":43,"column":33}},"24":{"start":{"line":45,"column":2},"end":{"line":49,"column":3}},"25":{"start":{"line":47,"column":4},"end":{"line":47,"column":64}},"26":{"start":{"line":48,"column":4},"end":{"line":48,"column":11}},"27":{"start":{"line":51,"column":2},"end":{"line":72,"column":3}},"28":{"start":{"line":52,"column":20},"end":{"line":59,"column":6}},"29":{"start":{"line":60,"column":4},"end":{"line":60,"column":34}},"30":{"start":{"line":62,"column":4},"end":{"line":62,"column":47}},"31":{"start":{"line":63,"column":4},"end":{"line":68,"column":5}},"32":{"start":{"line":64,"column":6},"end":{"line":64,"column":47}},"33":{"start":{"line":65,"column":6},"end":{"line":65,"column":43}},"34":{"start":{"line":67,"column":6},"end":{"line":67,"column":50}},"35":{"start":{"line":69,"column":4},"end":{"line":69,"column":81}},"36":{"start":{"line":70,"column":4},"end":{"line":70,"column":51}},"37":{"start":{"line":71,"column":4},"end":{"line":71,"column":68}},"38":{"start":{"line":42,"column":13},"end":{"line":42,"column":26}},"39":{"start":{"line":75,"column":29},"end":{"line":115,"column":2}},"40":{"start":{"line":75,"column":86},"end":{"line":115,"column":2}},"41":{"start":{"line":76,"column":17},"end":{"line":76,"column":33}},"42":{"start":{"line":77,"column":27},"end":{"line":77,"column":37}},"43":{"start":{"line":79,"column":2},"end":{"line":82,"column":3}},"44":{"start":{"line":80,"column":4},"end":{"line":80,"column":64}},"45":{"start":{"line":81,"column":4},"end":{"line":81,"column":11}},"46":{"start":{"line":84,"column":2},"end":{"line":87,"column":3}},"47":{"start":{"line":85,"column":4},"end":{"line":85,"column":68}},"48":{"start":{"line":86,"column":4},"end":{"line":86,"column":11}},"49":{"start":{"line":89,"column":2},"end":{"line":114,"column":3}},"50":{"start":{"line":90,"column":19},"end":{"line":95,"column":6}},"51":{"start":{"line":97,"column":4},"end":{"line":100,"column":5}},"52":{"start":{"line":98,"column":6},"end":{"line":98,"column":77}},"53":{"start":{"line":99,"column":6},"end":{"line":99,"column":13}},"54":{"start":{"line":102,"column":4},"end":{"line":102,"column":33}},"55":{"start":{"line":104,"column":4},"end":{"line":104,"column":52}},"56":{"start":{"line":105,"column":4},"end":{"line":110,"column":5}},"57":{"start":{"line":106,"column":6},"end":{"line":106,"column":47}},"58":{"start":{"line":107,"column":6},"end":{"line":107,"column":43}},"59":{"start":{"line":109,"column":6},"end":{"line":109,"column":50}},"60":{"start":{"line":111,"column":4},"end":{"line":111,"column":81}},"61":{"start":{"line":112,"column":4},"end":{"line":112,"column":56}},"62":{"start":{"line":113,"column":4},"end":{"line":113,"column":67}},"63":{"start":{"line":75,"column":13},"end":{"line":75,"column":29}},"64":{"start":{"line":117,"column":28},"end":{"line":186,"column":2}},"65":{"start":{"line":117,"column":85},"end":{"line":186,"column":2}},"66":{"start":{"line":118,"column":17},"end":{"line":118,"column":33}},"67":{"start":{"line":119,"column":27},"end":{"line":119,"column":37}},"68":{"start":{"line":120,"column":32},"end":{"line":120,"column":40}},"69":{"start":{"line":122,"column":2},"end":{"line":125,"column":3}},"70":{"start":{"line":123,"column":4},"end":{"line":123,"column":64}},"71":{"start":{"line":124,"column":4},"end":{"line":124,"column":11}},"72":{"start":{"line":127,"column":2},"end":{"line":130,"column":3}},"73":{"start":{"line":128,"column":4},"end":{"line":128,"column":68}},"74":{"start":{"line":129,"column":4},"end":{"line":129,"column":11}},"75":{"start":{"line":134,"column":71},"end":{"line":134,"column":73}},"76":{"start":{"line":135,"column":2},"end":{"line":137,"column":3}},"77":{"start":{"line":136,"column":4},"end":{"line":136,"column":29}},"78":{"start":{"line":138,"column":2},"end":{"line":142,"column":3}},"79":{"start":{"line":141,"column":4},"end":{"line":141,"column":43}},"80":{"start":{"line":144,"column":2},"end":{"line":147,"column":3}},"81":{"start":{"line":145,"column":4},"end":{"line":145,"column":65}},"82":{"start":{"line":146,"column":4},"end":{"line":146,"column":11}},"83":{"start":{"line":149,"column":2},"end":{"line":185,"column":3}},"84":{"start":{"line":151,"column":27},"end":{"line":156,"column":6}},"85":{"start":{"line":158,"column":4},"end":{"line":161,"column":5}},"86":{"start":{"line":159,"column":6},"end":{"line":159,"column":77}},"87":{"start":{"line":160,"column":6},"end":{"line":160,"column":13}},"88":{"start":{"line":164,"column":26},"end":{"line":170,"column":6}},"89":{"start":{"line":172,"column":4},"end":{"line":172,"column":40}},"90":{"start":{"line":174,"column":4},"end":{"line":174,"column":49}},"91":{"start":{"line":175,"column":4},"end":{"line":180,"column":5}},"92":{"start":{"line":176,"column":6},"end":{"line":176,"column":47}},"93":{"start":{"line":177,"column":6},"end":{"line":177,"column":43}},"94":{"start":{"line":179,"column":6},"end":{"line":179,"column":50}},"95":{"start":{"line":181,"column":4},"end":{"line":181,"column":81}},"96":{"start":{"line":182,"column":4},"end":{"line":182,"column":53}},"97":{"start":{"line":184,"column":4},"end":{"line":184,"column":65}},"98":{"start":{"line":117,"column":13},"end":{"line":117,"column":28}},"99":{"start":{"line":188,"column":28},"end":{"line":238,"column":2}},"100":{"start":{"line":188,"column":85},"end":{"line":238,"column":2}},"101":{"start":{"line":189,"column":17},"end":{"line":189,"column":33}},"102":{"start":{"line":190,"column":27},"end":{"line":190,"column":37}},"103":{"start":{"line":192,"column":2},"end":{"line":195,"column":3}},"104":{"start":{"line":193,"column":4},"end":{"line":193,"column":64}},"105":{"start":{"line":194,"column":4},"end":{"line":194,"column":11}},"106":{"start":{"line":197,"column":2},"end":{"line":200,"column":3}},"107":{"start":{"line":198,"column":4},"end":{"line":198,"column":68}},"108":{"start":{"line":199,"column":4},"end":{"line":199,"column":11}},"109":{"start":{"line":202,"column":2},"end":{"line":237,"column":3}},"110":{"start":{"line":204,"column":27},"end":{"line":209,"column":6}},"111":{"start":{"line":211,"column":4},"end":{"line":215,"column":5}},"112":{"start":{"line":213,"column":6},"end":{"line":213,"column":77}},"113":{"start":{"line":214,"column":6},"end":{"line":214,"column":13}},"114":{"start":{"line":218,"column":4},"end":{"line":222,"column":7}},"115":{"start":{"line":224,"column":4},"end":{"line":224,"column":27}},"116":{"start":{"line":226,"column":4},"end":{"line":226,"column":49}},"117":{"start":{"line":227,"column":4},"end":{"line":232,"column":5}},"118":{"start":{"line":228,"column":6},"end":{"line":228,"column":47}},"119":{"start":{"line":229,"column":6},"end":{"line":229,"column":43}},"120":{"start":{"line":231,"column":6},"end":{"line":231,"column":50}},"121":{"start":{"line":233,"column":4},"end":{"line":233,"column":81}},"122":{"start":{"line":234,"column":4},"end":{"line":234,"column":53}},"123":{"start":{"line":236,"column":4},"end":{"line":236,"column":65}},"124":{"start":{"line":188,"column":13},"end":{"line":188,"column":28}}},"fnMap":{"0":{"name":"(anonymous_7)","decl":{"start":{"line":8,"column":28},"end":{"line":8,"column":35}},"loc":{"start":{"line":8,"column":85},"end":{"line":40,"column":2}}},"1":{"name":"(anonymous_8)","decl":{"start":{"line":8,"column":85},"end":{"line":8,"column":null}},"loc":{"start":{"line":8,"column":85},"end":{"line":40,"column":1}}},"2":{"name":"(anonymous_9)","decl":{"start":{"line":42,"column":26},"end":{"line":42,"column":33}},"loc":{"start":{"line":42,"column":83},"end":{"line":73,"column":2}}},"3":{"name":"(anonymous_10)","decl":{"start":{"line":42,"column":83},"end":{"line":42,"column":null}},"loc":{"start":{"line":42,"column":83},"end":{"line":73,"column":1}}},"4":{"name":"(anonymous_11)","decl":{"start":{"line":75,"column":29},"end":{"line":75,"column":36}},"loc":{"start":{"line":75,"column":86},"end":{"line":115,"column":2}}},"5":{"name":"(anonymous_12)","decl":{"start":{"line":75,"column":86},"end":{"line":75,"column":null}},"loc":{"start":{"line":75,"column":86},"end":{"line":115,"column":1}}},"6":{"name":"(anonymous_13)","decl":{"start":{"line":117,"column":28},"end":{"line":117,"column":35}},"loc":{"start":{"line":117,"column":85},"end":{"line":186,"column":2}}},"7":{"name":"(anonymous_14)","decl":{"start":{"line":117,"column":85},"end":{"line":117,"column":null}},"loc":{"start":{"line":117,"column":85},"end":{"line":186,"column":1}}},"8":{"name":"(anonymous_15)","decl":{"start":{"line":188,"column":28},"end":{"line":188,"column":35}},"loc":{"start":{"line":188,"column":85},"end":{"line":238,"column":2}}},"9":{"name":"(anonymous_16)","decl":{"start":{"line":188,"column":85},"end":{"line":188,"column":null}},"loc":{"start":{"line":188,"column":85},"end":{"line":238,"column":1}}}},"branchMap":{"0":{"loc":{"start":{"line":10,"column":17},"end":{"line":10,"column":33}},"type":"cond-expr","locations":[{"start":{"line":10,"column":25},"end":{"line":10,"column":27}},{"start":{"line":10,"column":25},"end":{"line":10,"column":33}}]},"1":{"loc":{"start":{"line":10,"column":17},"end":{"line":10,"column":27}},"type":"binary-expr","locations":[{"start":{"line":10,"column":17},"end":{"line":10,"column":27}},{"start":{"line":10,"column":25},"end":{"line":10,"column":27}}]},"2":{"loc":{"start":{"line":12,"column":2},"end":{"line":16,"column":3}},"type":"if","locations":[{"start":{"line":12,"column":2},"end":{"line":16,"column":3}}]},"3":{"loc":{"start":{"line":29,"column":4},"end":{"line":34,"column":5}},"type":"if","locations":[{"start":{"line":29,"column":4},"end":{"line":34,"column":5}},{"start":{"line":32,"column":11},"end":{"line":34,"column":5}}]},"4":{"loc":{"start":{"line":43,"column":17},"end":{"line":43,"column":33}},"type":"cond-expr","locations":[{"start":{"line":43,"column":25},"end":{"line":43,"column":27}},{"start":{"line":43,"column":25},"end":{"line":43,"column":33}}]},"5":{"loc":{"start":{"line":43,"column":17},"end":{"line":43,"column":27}},"type":"binary-expr","locations":[{"start":{"line":43,"column":17},"end":{"line":43,"column":27}},{"start":{"line":43,"column":25},"end":{"line":43,"column":27}}]},"6":{"loc":{"start":{"line":45,"column":2},"end":{"line":49,"column":3}},"type":"if","locations":[{"start":{"line":45,"column":2},"end":{"line":49,"column":3}}]},"7":{"loc":{"start":{"line":63,"column":4},"end":{"line":68,"column":5}},"type":"if","locations":[{"start":{"line":63,"column":4},"end":{"line":68,"column":5}},{"start":{"line":66,"column":11},"end":{"line":68,"column":5}}]},"8":{"loc":{"start":{"line":76,"column":17},"end":{"line":76,"column":33}},"type":"cond-expr","locations":[{"start":{"line":76,"column":25},"end":{"line":76,"column":27}},{"start":{"line":76,"column":25},"end":{"line":76,"column":33}}]},"9":{"loc":{"start":{"line":76,"column":17},"end":{"line":76,"column":27}},"type":"binary-expr","locations":[{"start":{"line":76,"column":17},"end":{"line":76,"column":27}},{"start":{"line":76,"column":25},"end":{"line":76,"column":27}}]},"10":{"loc":{"start":{"line":79,"column":2},"end":{"line":82,"column":3}},"type":"if","locations":[{"start":{"line":79,"column":2},"end":{"line":82,"column":3}}]},"11":{"loc":{"start":{"line":84,"column":2},"end":{"line":87,"column":3}},"type":"if","locations":[{"start":{"line":84,"column":2},"end":{"line":87,"column":3}}]},"12":{"loc":{"start":{"line":84,"column":6},"end":{"line":84,"column":44}},"type":"binary-expr","locations":[{"start":{"line":84,"column":6},"end":{"line":84,"column":15}},{"start":{"line":84,"column":19},"end":{"line":84,"column":44}}]},"13":{"loc":{"start":{"line":97,"column":4},"end":{"line":100,"column":5}},"type":"if","locations":[{"start":{"line":97,"column":4},"end":{"line":100,"column":5}}]},"14":{"loc":{"start":{"line":105,"column":4},"end":{"line":110,"column":5}},"type":"if","locations":[{"start":{"line":105,"column":4},"end":{"line":110,"column":5}},{"start":{"line":108,"column":11},"end":{"line":110,"column":5}}]},"15":{"loc":{"start":{"line":118,"column":17},"end":{"line":118,"column":33}},"type":"cond-expr","locations":[{"start":{"line":118,"column":25},"end":{"line":118,"column":27}},{"start":{"line":118,"column":25},"end":{"line":118,"column":33}}]},"16":{"loc":{"start":{"line":118,"column":17},"end":{"line":118,"column":27}},"type":"binary-expr","locations":[{"start":{"line":118,"column":17},"end":{"line":118,"column":27}},{"start":{"line":118,"column":25},"end":{"line":118,"column":27}}]},"17":{"loc":{"start":{"line":122,"column":2},"end":{"line":125,"column":3}},"type":"if","locations":[{"start":{"line":122,"column":2},"end":{"line":125,"column":3}}]},"18":{"loc":{"start":{"line":127,"column":2},"end":{"line":130,"column":3}},"type":"if","locations":[{"start":{"line":127,"column":2},"end":{"line":130,"column":3}}]},"19":{"loc":{"start":{"line":127,"column":6},"end":{"line":127,"column":44}},"type":"binary-expr","locations":[{"start":{"line":127,"column":6},"end":{"line":127,"column":15}},{"start":{"line":127,"column":19},"end":{"line":127,"column":44}}]},"20":{"loc":{"start":{"line":135,"column":2},"end":{"line":137,"column":3}},"type":"if","locations":[{"start":{"line":135,"column":2},"end":{"line":137,"column":3}}]},"21":{"loc":{"start":{"line":138,"column":2},"end":{"line":142,"column":3}},"type":"if","locations":[{"start":{"line":138,"column":2},"end":{"line":142,"column":3}}]},"22":{"loc":{"start":{"line":144,"column":2},"end":{"line":147,"column":3}},"type":"if","locations":[{"start":{"line":144,"column":2},"end":{"line":147,"column":3}}]},"23":{"loc":{"start":{"line":158,"column":4},"end":{"line":161,"column":5}},"type":"if","locations":[{"start":{"line":158,"column":4},"end":{"line":161,"column":5}}]},"24":{"loc":{"start":{"line":175,"column":4},"end":{"line":180,"column":5}},"type":"if","locations":[{"start":{"line":175,"column":4},"end":{"line":180,"column":5}},{"start":{"line":178,"column":11},"end":{"line":180,"column":5}}]},"25":{"loc":{"start":{"line":189,"column":17},"end":{"line":189,"column":33}},"type":"cond-expr","locations":[{"start":{"line":189,"column":25},"end":{"line":189,"column":27}},{"start":{"line":189,"column":25},"end":{"line":189,"column":33}}]},"26":{"loc":{"start":{"line":189,"column":17},"end":{"line":189,"column":27}},"type":"binary-expr","locations":[{"start":{"line":189,"column":17},"end":{"line":189,"column":27}},{"start":{"line":189,"column":25},"end":{"line":189,"column":27}}]},"27":{"loc":{"start":{"line":192,"column":2},"end":{"line":195,"column":3}},"type":"if","locations":[{"start":{"line":192,"column":2},"end":{"line":195,"column":3}}]},"28":{"loc":{"start":{"line":197,"column":2},"end":{"line":200,"column":3}},"type":"if","locations":[{"start":{"line":197,"column":2},"end":{"line":200,"column":3}}]},"29":{"loc":{"start":{"line":197,"column":6},"end":{"line":197,"column":44}},"type":"binary-expr","locations":[{"start":{"line":197,"column":6},"end":{"line":197,"column":15}},{"start":{"line":197,"column":19},"end":{"line":197,"column":44}}]},"30":{"loc":{"start":{"line":211,"column":4},"end":{"line":215,"column":5}},"type":"if","locations":[{"start":{"line":211,"column":4},"end":{"line":215,"column":5}}]},"31":{"loc":{"start":{"line":227,"column":4},"end":{"line":232,"column":5}},"type":"if","locations":[{"start":{"line":227,"column":4},"end":{"line":232,"column":5}},{"start":{"line":230,"column":11},"end":{"line":232,"column":5}}]}},"s":{"0":4,"1":4,"2":4,"3":1,"4":1,"5":1,"6":1,"7":0,"8":0,"9":1,"10":1,"11":1,"12":0,"13":0,"14":0,"15":0,"16":0,"17":0,"18":0,"19":0,"20":4,"21":4,"22":2,"23":2,"24":2,"25":0,"26":0,"27":2,"28":2,"29":2,"30":0,"31":0,"32":0,"33":0,"34":0,"35":0,"36":0,"37":0,"38":4,"39":4,"40":4,"41":4,"42":4,"43":4,"44":0,"45":0,"46":4,"47":1,"48":1,"49":3,"50":3,"51":3,"52":2,"53":2,"54":1,"55":0,"56":0,"57":0,"58":0,"59":0,"60":0,"61":0,"62":0,"63":4,"64":4,"65":9,"66":9,"67":9,"68":9,"69":9,"70":0,"71":0,"72":9,"73":1,"74":1,"75":8,"76":8,"77":4,"78":8,"79":4,"80":8,"81":1,"82":1,"83":7,"84":7,"85":7,"86":2,"87":2,"88":5,"89":5,"90":0,"91":0,"92":0,"93":0,"94":0,"95":0,"96":0,"97":0,"98":4,"99":4,"100":4,"101":4,"102":4,"103":4,"104":0,"105":0,"106":4,"107":1,"108":1,"109":3,"110":3,"111":3,"112":2,"113":2,"114":1,"115":1,"116":0,"117":0,"118":0,"119":0,"120":0,"121":0,"122":0,"123":0,"124":4},"f":{"0":1,"1":1,"2":2,"3":2,"4":4,"5":4,"6":9,"7":9,"8":4,"9":4},"b":{"0":[0,1],"1":[1,1],"2":[0],"3":[0,0],"4":[0,2],"5":[2,2],"6":[0],"7":[0,0],"8":[0,4],"9":[4,4],"10":[0],"11":[1],"12":[4,4],"13":[2],"14":[0,0],"15":[0,9],"16":[9,9],"17":[0],"18":[1],"19":[9,9],"20":[4],"21":[4],"22":[1],"23":[2],"24":[0,0],"25":[0,4],"26":[4,4],"27":[0],"28":[1],"29":[4,4],"30":[2],"31":[0,0]}}
,"/home/antonio/programming/elevate/elevate1-core-api/src/controllers/question.controller.ts": {"path":"/home/antonio/programming/elevate/elevate1-core-api/src/controllers/question.controller.ts","statementMap":{"0":{"start":{"line":2,"column":0},"end":{"line":2,"column":54}},"1":{"start":{"line":5,"column":15},"end":{"line":5,"column":33}},"2":{"start":{"line":7,"column":33},"end":{"line":46,"column":2}},"3":{"start":{"line":7,"column":110},"end":{"line":46,"column":2}},"4":{"start":{"line":8,"column":30},"end":{"line":8,"column":40}},"5":{"start":{"line":9,"column":17},"end":{"line":9,"column":33}},"6":{"start":{"line":11,"column":2},"end":{"line":45,"column":3}},"7":{"start":{"line":13,"column":19},"end":{"line":15,"column":6}},"8":{"start":{"line":17,"column":4},"end":{"line":20,"column":5}},"9":{"start":{"line":18,"column":6},"end":{"line":18,"column":78}},"10":{"start":{"line":19,"column":6},"end":{"line":19,"column":13}},"11":{"start":{"line":23,"column":24},"end":{"line":25,"column":6}},"12":{"start":{"line":27,"column":4},"end":{"line":30,"column":5}},"13":{"start":{"line":28,"column":6},"end":{"line":28,"column":99}},"14":{"start":{"line":29,"column":6},"end":{"line":29,"column":13}},"15":{"start":{"line":33,"column":22},"end":{"line":40,"column":6}},"16":{"start":{"line":42,"column":4},"end":{"line":42,"column":36}},"17":{"start":{"line":44,"column":4},"end":{"line":44,"column":16}},"18":{"start":{"line":7,"column":13},"end":{"line":7,"column":33}},"19":{"start":{"line":48,"column":30},"end":{"line":95,"column":2}},"20":{"start":{"line":48,"column":107},"end":{"line":95,"column":2}},"21":{"start":{"line":49,"column":30},"end":{"line":49,"column":40}},"22":{"start":{"line":50,"column":17},"end":{"line":50,"column":33}},"23":{"start":{"line":51,"column":50},"end":{"line":51,"column":58}},"24":{"start":{"line":53,"column":2},"end":{"line":94,"column":3}},"25":{"start":{"line":55,"column":19},"end":{"line":57,"column":6}},"26":{"start":{"line":59,"column":4},"end":{"line":62,"column":5}},"27":{"start":{"line":60,"column":6},"end":{"line":60,"column":78}},"28":{"start":{"line":61,"column":6},"end":{"line":61,"column":13}},"29":{"start":{"line":65,"column":24},"end":{"line":67,"column":6}},"30":{"start":{"line":69,"column":4},"end":{"line":72,"column":5}},"31":{"start":{"line":70,"column":6},"end":{"line":70,"column":99}},"32":{"start":{"line":71,"column":6},"end":{"line":71,"column":13}},"33":{"start":{"line":75,"column":53},"end":{"line":85,"column":6}},"34":{"start":{"line":87,"column":24},"end":{"line":89,"column":6}},"35":{"start":{"line":91,"column":4},"end":{"line":91,"column":38}},"36":{"start":{"line":93,"column":4},"end":{"line":93,"column":16}},"37":{"start":{"line":48,"column":13},"end":{"line":48,"column":30}},"38":{"start":{"line":97,"column":31},"end":{"line":140,"column":2}},"39":{"start":{"line":97,"column":108},"end":{"line":140,"column":2}},"40":{"start":{"line":98,"column":34},"end":{"line":98,"column":44}},"41":{"start":{"line":99,"column":21},"end":{"line":99,"column":33}},"42":{"start":{"line":100,"column":22},"end":{"line":100,"column":40}},"43":{"start":{"line":101,"column":19},"end":{"line":101,"column":34}},"44":{"start":{"line":102,"column":17},"end":{"line":102,"column":33}},"45":{"start":{"line":104,"column":2},"end":{"line":107,"column":3}},"46":{"start":{"line":105,"column":4},"end":{"line":105,"column":89}},"47":{"start":{"line":106,"column":4},"end":{"line":106,"column":11}},"48":{"start":{"line":109,"column":2},"end":{"line":112,"column":3}},"49":{"start":{"line":110,"column":4},"end":{"line":110,"column":65}},"50":{"start":{"line":111,"column":4},"end":{"line":111,"column":11}},"51":{"start":{"line":114,"column":2},"end":{"line":139,"column":3}},"52":{"start":{"line":116,"column":21},"end":{"line":128,"column":6}},"53":{"start":{"line":130,"column":4},"end":{"line":133,"column":5}},"54":{"start":{"line":131,"column":6},"end":{"line":131,"column":80}},"55":{"start":{"line":132,"column":6},"end":{"line":132,"column":13}},"56":{"start":{"line":135,"column":4},"end":{"line":135,"column":35}},"57":{"start":{"line":137,"column":4},"end":{"line":137,"column":54}},"58":{"start":{"line":138,"column":4},"end":{"line":138,"column":16}},"59":{"start":{"line":97,"column":13},"end":{"line":97,"column":31}},"60":{"start":{"line":142,"column":30},"end":{"line":197,"column":2}},"61":{"start":{"line":142,"column":107},"end":{"line":197,"column":2}},"62":{"start":{"line":143,"column":34},"end":{"line":143,"column":44}},"63":{"start":{"line":144,"column":21},"end":{"line":144,"column":33}},"64":{"start":{"line":145,"column":22},"end":{"line":145,"column":40}},"65":{"start":{"line":146,"column":19},"end":{"line":146,"column":34}},"66":{"start":{"line":147,"column":17},"end":{"line":147,"column":33}},"67":{"start":{"line":148,"column":50},"end":{"line":148,"column":58}},"68":{"start":{"line":150,"column":2},"end":{"line":153,"column":3}},"69":{"start":{"line":151,"column":4},"end":{"line":151,"column":89}},"70":{"start":{"line":152,"column":4},"end":{"line":152,"column":11}},"71":{"start":{"line":155,"column":2},"end":{"line":158,"column":3}},"72":{"start":{"line":156,"column":4},"end":{"line":156,"column":65}},"73":{"start":{"line":157,"column":4},"end":{"line":157,"column":11}},"74":{"start":{"line":160,"column":2},"end":{"line":196,"column":3}},"75":{"start":{"line":162,"column":21},"end":{"line":174,"column":6}},"76":{"start":{"line":176,"column":4},"end":{"line":179,"column":5}},"77":{"start":{"line":177,"column":6},"end":{"line":177,"column":80}},"78":{"start":{"line":178,"column":6},"end":{"line":178,"column":13}},"79":{"start":{"line":182,"column":28},"end":{"line":190,"column":6}},"80":{"start":{"line":192,"column":4},"end":{"line":192,"column":42}},"81":{"start":{"line":194,"column":4},"end":{"line":194,"column":53}},"82":{"start":{"line":195,"column":4},"end":{"line":195,"column":16}},"83":{"start":{"line":142,"column":13},"end":{"line":142,"column":30}},"84":{"start":{"line":199,"column":30},"end":{"line":247,"column":2}},"85":{"start":{"line":199,"column":107},"end":{"line":247,"column":2}},"86":{"start":{"line":200,"column":34},"end":{"line":200,"column":44}},"87":{"start":{"line":201,"column":21},"end":{"line":201,"column":33}},"88":{"start":{"line":202,"column":22},"end":{"line":202,"column":40}},"89":{"start":{"line":203,"column":19},"end":{"line":203,"column":34}},"90":{"start":{"line":204,"column":17},"end":{"line":204,"column":33}},"91":{"start":{"line":206,"column":2},"end":{"line":209,"column":3}},"92":{"start":{"line":207,"column":4},"end":{"line":207,"column":89}},"93":{"start":{"line":208,"column":4},"end":{"line":208,"column":11}},"94":{"start":{"line":211,"column":2},"end":{"line":214,"column":3}},"95":{"start":{"line":212,"column":4},"end":{"line":212,"column":65}},"96":{"start":{"line":213,"column":4},"end":{"line":213,"column":11}},"97":{"start":{"line":216,"column":2},"end":{"line":246,"column":3}},"98":{"start":{"line":218,"column":29},"end":{"line":230,"column":6}},"99":{"start":{"line":232,"column":4},"end":{"line":235,"column":5}},"100":{"start":{"line":233,"column":6},"end":{"line":233,"column":80}},"101":{"start":{"line":234,"column":6},"end":{"line":234,"column":13}},"102":{"start":{"line":238,"column":4},"end":{"line":240,"column":7}},"103":{"start":{"line":242,"column":4},"end":{"line":242,"column":27}},"104":{"start":{"line":244,"column":4},"end":{"line":244,"column":53}},"105":{"start":{"line":245,"column":4},"end":{"line":245,"column":16}},"106":{"start":{"line":199,"column":13},"end":{"line":199,"column":30}}},"fnMap":{"0":{"name":"(anonymous_7)","decl":{"start":{"line":7,"column":33},"end":{"line":7,"column":40}},"loc":{"start":{"line":7,"column":110},"end":{"line":46,"column":2}}},"1":{"name":"(anonymous_8)","decl":{"start":{"line":7,"column":110},"end":{"line":7,"column":null}},"loc":{"start":{"line":7,"column":110},"end":{"line":46,"column":1}}},"2":{"name":"(anonymous_9)","decl":{"start":{"line":48,"column":30},"end":{"line":48,"column":37}},"loc":{"start":{"line":48,"column":107},"end":{"line":95,"column":2}}},"3":{"name":"(anonymous_10)","decl":{"start":{"line":48,"column":107},"end":{"line":48,"column":null}},"loc":{"start":{"line":48,"column":107},"end":{"line":95,"column":1}}},"4":{"name":"(anonymous_11)","decl":{"start":{"line":97,"column":31},"end":{"line":97,"column":38}},"loc":{"start":{"line":97,"column":108},"end":{"line":140,"column":2}}},"5":{"name":"(anonymous_12)","decl":{"start":{"line":97,"column":108},"end":{"line":97,"column":null}},"loc":{"start":{"line":97,"column":108},"end":{"line":140,"column":1}}},"6":{"name":"(anonymous_13)","decl":{"start":{"line":142,"column":30},"end":{"line":142,"column":37}},"loc":{"start":{"line":142,"column":107},"end":{"line":197,"column":2}}},"7":{"name":"(anonymous_14)","decl":{"start":{"line":142,"column":107},"end":{"line":142,"column":null}},"loc":{"start":{"line":142,"column":107},"end":{"line":197,"column":1}}},"8":{"name":"(anonymous_15)","decl":{"start":{"line":199,"column":30},"end":{"line":199,"column":37}},"loc":{"start":{"line":199,"column":107},"end":{"line":247,"column":2}}},"9":{"name":"(anonymous_16)","decl":{"start":{"line":199,"column":107},"end":{"line":199,"column":null}},"loc":{"start":{"line":199,"column":107},"end":{"line":247,"column":1}}}},"branchMap":{"0":{"loc":{"start":{"line":17,"column":4},"end":{"line":20,"column":5}},"type":"if","locations":[{"start":{"line":17,"column":4},"end":{"line":20,"column":5}}]},"1":{"loc":{"start":{"line":17,"column":8},"end":{"line":17,"column":43}},"type":"binary-expr","locations":[{"start":{"line":17,"column":8},"end":{"line":17,"column":15}},{"start":{"line":17,"column":19},"end":{"line":17,"column":43}}]},"2":{"loc":{"start":{"line":27,"column":4},"end":{"line":30,"column":5}},"type":"if","locations":[{"start":{"line":27,"column":4},"end":{"line":30,"column":5}}]},"3":{"loc":{"start":{"line":27,"column":8},"end":{"line":27,"column":58}},"type":"binary-expr","locations":[{"start":{"line":27,"column":8},"end":{"line":27,"column":20}},{"start":{"line":27,"column":24},"end":{"line":27,"column":58}}]},"4":{"loc":{"start":{"line":59,"column":4},"end":{"line":62,"column":5}},"type":"if","locations":[{"start":{"line":59,"column":4},"end":{"line":62,"column":5}}]},"5":{"loc":{"start":{"line":59,"column":8},"end":{"line":59,"column":43}},"type":"binary-expr","locations":[{"start":{"line":59,"column":8},"end":{"line":59,"column":15}},{"start":{"line":59,"column":19},"end":{"line":59,"column":43}}]},"6":{"loc":{"start":{"line":69,"column":4},"end":{"line":72,"column":5}},"type":"if","locations":[{"start":{"line":69,"column":4},"end":{"line":72,"column":5}}]},"7":{"loc":{"start":{"line":69,"column":8},"end":{"line":69,"column":58}},"type":"binary-expr","locations":[{"start":{"line":69,"column":8},"end":{"line":69,"column":20}},{"start":{"line":69,"column":24},"end":{"line":69,"column":58}}]},"8":{"loc":{"start":{"line":77,"column":15},"end":{"line":77,"column":28}},"type":"binary-expr","locations":[{"start":{"line":77,"column":15},"end":{"line":77,"column":22}},{"start":{"line":77,"column":26},"end":{"line":77,"column":28}}]},"9":{"loc":{"start":{"line":79,"column":14},"end":{"line":79,"column":50}},"type":"cond-expr","locations":[{"start":{"line":79,"column":37},"end":{"line":79,"column":41}},{"start":{"line":79,"column":44},"end":{"line":79,"column":50}}]},"10":{"loc":{"start":{"line":102,"column":17},"end":{"line":102,"column":33}},"type":"cond-expr","locations":[{"start":{"line":102,"column":25},"end":{"line":102,"column":27}},{"start":{"line":102,"column":25},"end":{"line":102,"column":33}}]},"11":{"loc":{"start":{"line":102,"column":17},"end":{"line":102,"column":27}},"type":"binary-expr","locations":[{"start":{"line":102,"column":17},"end":{"line":102,"column":27}},{"start":{"line":102,"column":25},"end":{"line":102,"column":27}}]},"12":{"loc":{"start":{"line":104,"column":2},"end":{"line":107,"column":3}},"type":"if","locations":[{"start":{"line":104,"column":2},"end":{"line":107,"column":3}}]},"13":{"loc":{"start":{"line":104,"column":6},"end":{"line":104,"column":64}},"type":"binary-expr","locations":[{"start":{"line":104,"column":6},"end":{"line":104,"column":23}},{"start":{"line":104,"column":27},"end":{"line":104,"column":45}},{"start":{"line":104,"column":49},"end":{"line":104,"column":64}}]},"14":{"loc":{"start":{"line":109,"column":2},"end":{"line":112,"column":3}},"type":"if","locations":[{"start":{"line":109,"column":2},"end":{"line":112,"column":3}}]},"15":{"loc":{"start":{"line":130,"column":4},"end":{"line":133,"column":5}},"type":"if","locations":[{"start":{"line":130,"column":4},"end":{"line":133,"column":5}}]},"16":{"loc":{"start":{"line":147,"column":17},"end":{"line":147,"column":33}},"type":"cond-expr","locations":[{"start":{"line":147,"column":25},"end":{"line":147,"column":27}},{"start":{"line":147,"column":25},"end":{"line":147,"column":33}}]},"17":{"loc":{"start":{"line":147,"column":17},"end":{"line":147,"column":27}},"type":"binary-expr","locations":[{"start":{"line":147,"column":17},"end":{"line":147,"column":27}},{"start":{"line":147,"column":25},"end":{"line":147,"column":27}}]},"18":{"loc":{"start":{"line":150,"column":2},"end":{"line":153,"column":3}},"type":"if","locations":[{"start":{"line":150,"column":2},"end":{"line":153,"column":3}}]},"19":{"loc":{"start":{"line":150,"column":6},"end":{"line":150,"column":64}},"type":"binary-expr","locations":[{"start":{"line":150,"column":6},"end":{"line":150,"column":23}},{"start":{"line":150,"column":27},"end":{"line":150,"column":45}},{"start":{"line":150,"column":49},"end":{"line":150,"column":64}}]},"20":{"loc":{"start":{"line":155,"column":2},"end":{"line":158,"column":3}},"type":"if","locations":[{"start":{"line":155,"column":2},"end":{"line":158,"column":3}}]},"21":{"loc":{"start":{"line":176,"column":4},"end":{"line":179,"column":5}},"type":"if","locations":[{"start":{"line":176,"column":4},"end":{"line":179,"column":5}}]},"22":{"loc":{"start":{"line":185,"column":12},"end":{"line":185,"column":42}},"type":"binary-expr","locations":[{"start":{"line":185,"column":12},"end":{"line":185,"column":30}},{"start":{"line":185,"column":34},"end":{"line":185,"column":42}}]},"23":{"loc":{"start":{"line":186,"column":12},"end":{"line":186,"column":46}},"type":"binary-expr","locations":[{"start":{"line":186,"column":12},"end":{"line":186,"column":32}},{"start":{"line":186,"column":36},"end":{"line":186,"column":46}}]},"24":{"loc":{"start":{"line":187,"column":12},"end":{"line":187,"column":48}},"type":"binary-expr","locations":[{"start":{"line":187,"column":12},"end":{"line":187,"column":33}},{"start":{"line":187,"column":37},"end":{"line":187,"column":48}}]},"25":{"loc":{"start":{"line":188,"column":12},"end":{"line":188,"column":58}},"type":"binary-expr","locations":[{"start":{"line":188,"column":12},"end":{"line":188,"column":38}},{"start":{"line":188,"column":42},"end":{"line":188,"column":58}}]},"26":{"loc":{"start":{"line":204,"column":17},"end":{"line":204,"column":33}},"type":"cond-expr","locations":[{"start":{"line":204,"column":25},"end":{"line":204,"column":27}},{"start":{"line":204,"column":25},"end":{"line":204,"column":33}}]},"27":{"loc":{"start":{"line":204,"column":17},"end":{"line":204,"column":27}},"type":"binary-expr","locations":[{"start":{"line":204,"column":17},"end":{"line":204,"column":27}},{"start":{"line":204,"column":25},"end":{"line":204,"column":27}}]},"28":{"loc":{"start":{"line":206,"column":2},"end":{"line":209,"column":3}},"type":"if","locations":[{"start":{"line":206,"column":2},"end":{"line":209,"column":3}}]},"29":{"loc":{"start":{"line":206,"column":6},"end":{"line":206,"column":64}},"type":"binary-expr","locations":[{"start":{"line":206,"column":6},"end":{"line":206,"column":23}},{"start":{"line":206,"column":27},"end":{"line":206,"column":45}},{"start":{"line":206,"column":49},"end":{"line":206,"column":64}}]},"30":{"loc":{"start":{"line":211,"column":2},"end":{"line":214,"column":3}},"type":"if","locations":[{"start":{"line":211,"column":2},"end":{"line":214,"column":3}}]},"31":{"loc":{"start":{"line":232,"column":4},"end":{"line":235,"column":5}},"type":"if","locations":[{"start":{"line":232,"column":4},"end":{"line":235,"column":5}}]}},"s":{"0":4,"1":4,"2":4,"3":6,"4":6,"5":6,"6":6,"7":6,"8":6,"9":2,"10":2,"11":4,"12":4,"13":2,"14":2,"15":2,"16":2,"17":0,"18":4,"19":4,"20":5,"21":5,"22":5,"23":5,"24":5,"25":5,"26":5,"27":2,"28":2,"29":3,"30":3,"31":1,"32":1,"33":2,"34":2,"35":2,"36":0,"37":4,"38":4,"39":2,"40":2,"41":2,"42":2,"43":2,"44":2,"45":2,"46":0,"47":0,"48":2,"49":0,"50":0,"51":2,"52":2,"53":2,"54":2,"55":2,"56":0,"57":0,"58":0,"59":4,"60":4,"61":4,"62":4,"63":4,"64":4,"65":4,"66":4,"67":4,"68":4,"69":0,"70":0,"71":4,"72":0,"73":0,"74":4,"75":4,"76":4,"77":3,"78":3,"79":1,"80":1,"81":0,"82":0,"83":4,"84":4,"85":2,"86":2,"87":2,"88":2,"89":2,"90":2,"91":2,"92":0,"93":0,"94":2,"95":0,"96":0,"97":2,"98":2,"99":2,"100":2,"101":2,"102":0,"103":0,"104":0,"105":0,"106":4},"f":{"0":6,"1":6,"2":5,"3":5,"4":2,"5":2,"6":4,"7":4,"8":2,"9":2},"b":{"0":[2],"1":[6,5],"2":[2],"3":[4,3],"4":[2],"5":[5,4],"6":[1],"7":[3,2],"8":[2,1],"9":[1,1],"10":[0,2],"11":[2,2],"12":[0],"13":[2,2,2],"14":[0],"15":[2],"16":[0,4],"17":[4,4],"18":[0],"19":[4,4,4],"20":[0],"21":[3],"22":[1,1],"23":[1,0],"24":[1,0],"25":[1,0],"26":[0,2],"27":[2,2],"28":[0],"29":[2,2,2],"30":[0],"31":[2]}}
,"/home/antonio/programming/elevate/elevate1-core-api/src/controllers/user.controller.ts": {"path":"/home/antonio/programming/elevate/elevate1-core-api/src/controllers/user.controller.ts","statementMap":{"0":{"start":{"line":4,"column":0},"end":{"line":4,"column":46}},"1":{"start":{"line":6,"column":15},"end":{"line":6,"column":33}},"2":{"start":{"line":8,"column":28},"end":{"line":32,"column":2}},"3":{"start":{"line":8,"column":85},"end":{"line":32,"column":2}},"4":{"start":{"line":10,"column":2},"end":{"line":13,"column":3}},"5":{"start":{"line":11,"column":4},"end":{"line":11,"column":68}},"6":{"start":{"line":12,"column":4},"end":{"line":12,"column":11}},"7":{"start":{"line":15,"column":2},"end":{"line":31,"column":3}},"8":{"start":{"line":16,"column":17},"end":{"line":19,"column":6}},"9":{"start":{"line":21,"column":4},"end":{"line":24,"column":5}},"10":{"start":{"line":22,"column":6},"end":{"line":22,"column":58}},"11":{"start":{"line":23,"column":6},"end":{"line":23,"column":13}},"12":{"start":{"line":25,"column":4},"end":{"line":25,"column":19}},"13":{"start":{"line":26,"column":4},"end":{"line":26,"column":11}},"14":{"start":{"line":28,"column":4},"end":{"line":28,"column":52}},"15":{"start":{"line":29,"column":4},"end":{"line":29,"column":70}},"16":{"start":{"line":30,"column":4},"end":{"line":30,"column":11}},"17":{"start":{"line":8,"column":13},"end":{"line":8,"column":28}}},"fnMap":{"0":{"name":"(anonymous_7)","decl":{"start":{"line":8,"column":28},"end":{"line":8,"column":35}},"loc":{"start":{"line":8,"column":85},"end":{"line":32,"column":2}}},"1":{"name":"(anonymous_8)","decl":{"start":{"line":8,"column":85},"end":{"line":8,"column":null}},"loc":{"start":{"line":8,"column":85},"end":{"line":32,"column":1}}}},"branchMap":{"0":{"loc":{"start":{"line":10,"column":2},"end":{"line":13,"column":3}},"type":"if","locations":[{"start":{"line":10,"column":2},"end":{"line":13,"column":3}}]},"1":{"loc":{"start":{"line":10,"column":6},"end":{"line":10,"column":54}},"type":"binary-expr","locations":[{"start":{"line":10,"column":6},"end":{"line":10,"column":15}},{"start":{"line":10,"column":19},"end":{"line":10,"column":54}}]},"2":{"loc":{"start":{"line":21,"column":4},"end":{"line":24,"column":5}},"type":"if","locations":[{"start":{"line":21,"column":4},"end":{"line":24,"column":5}}]}},"s":{"0":4,"1":4,"2":4,"3":0,"4":0,"5":0,"6":0,"7":0,"8":0,"9":0,"10":0,"11":0,"12":0,"13":0,"14":0,"15":0,"16":0,"17":4},"f":{"0":0,"1":0},"b":{"0":[0],"1":[0,0],"2":[0]}}
,"/home/antonio/programming/elevate/elevate1-core-api/src/middleware/auth.middleware.ts": {"path":"/home/antonio/programming/elevate/elevate1-core-api/src/middleware/auth.middleware.ts","statementMap":{"0":{"start":{"line":3,"column":0},"end":{"line":3,"column":31}},"1":{"start":{"line":10,"column":23},"end":{"line":27,"column":1}},"2":{"start":{"line":11,"column":21},"end":{"line":11,"column":49}},"3":{"start":{"line":13,"column":2},"end":{"line":26,"column":3}},"4":{"start":{"line":14,"column":18},"end":{"line":14,"column":42}},"5":{"start":{"line":15,"column":4},"end":{"line":22,"column":5}},"6":{"start":{"line":16,"column":22},"end":{"line":16,"column":112}},"7":{"start":{"line":17,"column":7},"end":{"line":17,"column":61}},"8":{"start":{"line":18,"column":6},"end":{"line":18,"column":13}},"9":{"start":{"line":20,"column":6},"end":{"line":20,"column":62}},"10":{"start":{"line":21,"column":6},"end":{"line":21,"column":13}},"11":{"start":{"line":24,"column":4},"end":{"line":24,"column":72}},"12":{"start":{"line":25,"column":4},"end":{"line":25,"column":11}},"13":{"start":{"line":10,"column":13},"end":{"line":10,"column":23}}},"fnMap":{"0":{"name":"(anonymous_1)","decl":{"start":{"line":10,"column":23},"end":{"line":10,"column":24}},"loc":{"start":{"line":10,"column":81},"end":{"line":27,"column":1}}}},"branchMap":{"0":{"loc":{"start":{"line":13,"column":2},"end":{"line":26,"column":3}},"type":"if","locations":[{"start":{"line":13,"column":2},"end":{"line":26,"column":3}},{"start":{"line":23,"column":9},"end":{"line":26,"column":3}}]},"1":{"loc":{"start":{"line":13,"column":6},"end":{"line":13,"column":52}},"type":"binary-expr","locations":[{"start":{"line":13,"column":6},"end":{"line":13,"column":16}},{"start":{"line":13,"column":20},"end":{"line":13,"column":52}}]}},"s":{"0":4,"1":4,"2":101,"3":101,"4":90,"5":90,"6":90,"7":90,"8":90,"9":0,"10":0,"11":11,"12":11,"13":4},"f":{"0":101},"b":{"0":[90,11],"1":[101,90]}}
,"/home/antonio/programming/elevate/elevate1-core-api/src/middleware/validation.ts": {"path":"/home/antonio/programming/elevate/elevate1-core-api/src/middleware/validation.ts","statementMap":{"0":{"start":{"line":2,"column":0},"end":{"line":2,"column":73}},"1":{"start":{"line":4,"column":31},"end":{"line":11,"column":1}},"2":{"start":{"line":5,"column":17},"end":{"line":5,"column":38}},"3":{"start":{"line":6,"column":2},"end":{"line":10,"column":3}},"4":{"start":{"line":7,"column":4},"end":{"line":7,"column":53}},"5":{"start":{"line":9,"column":4},"end":{"line":9,"column":11}},"6":{"start":{"line":13,"column":13},"end":{"line":21,"column":2}},"7":{"start":{"line":23,"column":13},"end":{"line":31,"column":2}},"8":{"start":{"line":33,"column":13},"end":{"line":41,"column":2}},"9":{"start":{"line":43,"column":13},"end":{"line":57,"column":2}},"10":{"start":{"line":59,"column":13},"end":{"line":67,"column":2}},"11":{"start":{"line":69,"column":13},"end":{"line":102,"column":2}},"12":{"start":{"line":94,"column":28},"end":{"line":94,"column":79}},"13":{"start":{"line":104,"column":13},"end":{"line":110,"column":2}},"14":{"start":{"line":112,"column":13},"end":{"line":143,"column":2}},"15":{"start":{"line":133,"column":6},"end":{"line":139,"column":7}},"16":{"start":{"line":134,"column":8},"end":{"line":138,"column":9}},"17":{"start":{"line":135,"column":10},"end":{"line":137,"column":11}},"18":{"start":{"line":136,"column":12},"end":{"line":136,"column":65}},"19":{"start":{"line":140,"column":6},"end":{"line":140,"column":18}}},"fnMap":{"0":{"name":"(anonymous_0)","decl":{"start":{"line":4,"column":31},"end":{"line":4,"column":32}},"loc":{"start":{"line":4,"column":83},"end":{"line":11,"column":1}}},"1":{"name":"(anonymous_1)","decl":{"start":{"line":94,"column":8},"end":{"line":94,"column":9}},"loc":{"start":{"line":94,"column":28},"end":{"line":94,"column":79}}},"2":{"name":"(anonymous_2)","decl":{"start":{"line":132,"column":12},"end":{"line":132,"column":13}},"loc":{"start":{"line":132,"column":24},"end":{"line":141,"column":5}}}},"branchMap":{"0":{"loc":{"start":{"line":6,"column":2},"end":{"line":10,"column":3}},"type":"if","locations":[{"start":{"line":6,"column":2},"end":{"line":10,"column":3}},{"start":{"line":8,"column":9},"end":{"line":10,"column":3}}]},"1":{"loc":{"start":{"line":94,"column":28},"end":{"line":94,"column":79}},"type":"binary-expr","locations":[{"start":{"line":94,"column":28},"end":{"line":94,"column":44}},{"start":{"line":94,"column":48},"end":{"line":94,"column":79}}]},"2":{"loc":{"start":{"line":133,"column":6},"end":{"line":139,"column":7}},"type":"if","locations":[{"start":{"line":133,"column":6},"end":{"line":139,"column":7}}]},"3":{"loc":{"start":{"line":133,"column":10},"end":{"line":133,"column":39}},"type":"binary-expr","locations":[{"start":{"line":133,"column":10},"end":{"line":133,"column":17}},{"start":{"line":133,"column":21},"end":{"line":133,"column":39}}]},"4":{"loc":{"start":{"line":135,"column":10},"end":{"line":137,"column":11}},"type":"if","locations":[{"start":{"line":135,"column":10},"end":{"line":137,"column":11}}]},"5":{"loc":{"start":{"line":135,"column":14},"end":{"line":135,"column":64}},"type":"binary-expr","locations":[{"start":{"line":135,"column":14},"end":{"line":135,"column":40}},{"start":{"line":135,"column":44},"end":{"line":135,"column":64}}]}},"s":{"0":4,"1":4,"2":93,"3":93,"4":24,"5":69,"6":4,"7":4,"8":4,"9":4,"10":4,"11":4,"12":26,"13":4,"14":4,"15":4,"16":4,"17":13,"18":1,"19":3},"f":{"0":93,"1":26,"2":4},"b":{"0":[24,69],"1":[26,26],"2":[4],"3":[4,4],"4":[1],"5":[13,13]}}
,"/home/antonio/programming/elevate/elevate1-core-api/src/routes/auth.ts": {"path":"/home/antonio/programming/elevate/elevate1-core-api/src/routes/auth.ts","statementMap":{"0":{"start":{"line":1,"column":0},"end":{"line":1,"column":33}},"1":{"start":{"line":2,"column":0},"end":{"line":2,"column":73}},"2":{"start":{"line":3,"column":0},"end":{"line":3,"column":75}},"3":{"start":{"line":5,"column":15},"end":{"line":5,"column":23}},"4":{"start":{"line":8,"column":0},"end":{"line":8,"column":60}},"5":{"start":{"line":11,"column":0},"end":{"line":11,"column":51}},"6":{"start":{"line":13,"column":13},"end":{"line":13,"column":33}}},"fnMap":{},"branchMap":{},"s":{"0":4,"1":4,"2":4,"3":4,"4":4,"5":4,"6":4},"f":{},"b":{}}
,"/home/antonio/programming/elevate/elevate1-core-api/src/routes/folder.routes.ts": {"path":"/home/antonio/programming/elevate/elevate1-core-api/src/routes/folder.routes.ts","statementMap":{"0":{"start":{"line":2,"column":0},"end":{"line":2,"column":33}},"1":{"start":{"line":3,"column":0},"end":{"line":3,"column":56}},"2":{"start":{"line":4,"column":0},"end":{"line":4,"column":86}},"3":{"start":{"line":5,"column":0},"end":{"line":5,"column":122}},"4":{"start":{"line":6,"column":0},"end":{"line":6,"column":53}},"5":{"start":{"line":8,"column":15},"end":{"line":8,"column":23}},"6":{"start":{"line":11,"column":0},"end":{"line":11,"column":65}},"7":{"start":{"line":14,"column":0},"end":{"line":14,"column":37}},"8":{"start":{"line":17,"column":0},"end":{"line":17,"column":43}},"9":{"start":{"line":20,"column":0},"end":{"line":20,"column":67}},"10":{"start":{"line":23,"column":0},"end":{"line":23,"column":45}},"11":{"start":{"line":26,"column":0},"end":{"line":26,"column":57}},"12":{"start":{"line":28,"column":0},"end":{"line":28,"column":22}}},"fnMap":{},"branchMap":{},"s":{"0":4,"1":4,"2":4,"3":4,"4":4,"5":4,"6":4,"7":4,"8":4,"9":4,"10":4,"11":4,"12":4},"f":{},"b":{}}
,"/home/antonio/programming/elevate/elevate1-core-api/src/routes/question.routes.ts": {"path":"/home/antonio/programming/elevate/elevate1-core-api/src/routes/question.routes.ts","statementMap":{"0":{"start":{"line":1,"column":0},"end":{"line":1,"column":33}},"1":{"start":{"line":2,"column":0},"end":{"line":2,"column":136}},"2":{"start":{"line":3,"column":0},"end":{"line":3,"column":131}},"3":{"start":{"line":4,"column":0},"end":{"line":4,"column":56}},"4":{"start":{"line":9,"column":15},"end":{"line":9,"column":44}},"5":{"start":{"line":12,"column":0},"end":{"line":12,"column":65}},"6":{"start":{"line":15,"column":0},"end":{"line":15,"column":87}},"7":{"start":{"line":18,"column":0},"end":{"line":18,"column":86}},"8":{"start":{"line":21,"column":0},"end":{"line":21,"column":109}},"9":{"start":{"line":24,"column":0},"end":{"line":24,"column":88}},"10":{"start":{"line":26,"column":0},"end":{"line":26,"column":22}}},"fnMap":{},"branchMap":{},"s":{"0":4,"1":4,"2":4,"3":4,"4":4,"5":4,"6":4,"7":4,"8":4,"9":4,"10":4},"f":{},"b":{}}
,"/home/antonio/programming/elevate/elevate1-core-api/src/routes/questionset.routes.ts": {"path":"/home/antonio/programming/elevate/elevate1-core-api/src/routes/questionset.routes.ts","statementMap":{"0":{"start":{"line":1,"column":0},"end":{"line":1,"column":33}},"1":{"start":{"line":2,"column":0},"end":{"line":2,"column":56}},"2":{"start":{"line":3,"column":0},"end":{"line":3,"column":47}},"3":{"start":{"line":5,"column":15},"end":{"line":5,"column":44}},"4":{"start":{"line":8,"column":0},"end":{"line":8,"column":20}},"5":{"start":{"line":11,"column":0},"end":{"line":11,"column":48}},"6":{"start":{"line":13,"column":0},"end":{"line":13,"column":22}}},"fnMap":{},"branchMap":{},"s":{"0":4,"1":4,"2":4,"3":4,"4":4,"5":4,"6":4},"f":{},"b":{}}
,"/home/antonio/programming/elevate/elevate1-core-api/src/routes/user.routes.ts": {"path":"/home/antonio/programming/elevate/elevate1-core-api/src/routes/user.routes.ts","statementMap":{"0":{"start":{"line":2,"column":0},"end":{"line":2,"column":33}},"1":{"start":{"line":3,"column":0},"end":{"line":3,"column":62}},"2":{"start":{"line":4,"column":0},"end":{"line":4,"column":56}},"3":{"start":{"line":6,"column":15},"end":{"line":6,"column":23}},"4":{"start":{"line":9,"column":0},"end":{"line":9,"column":46}},"5":{"start":{"line":11,"column":0},"end":{"line":11,"column":22}}},"fnMap":{},"branchMap":{},"s":{"0":4,"1":4,"2":4,"3":4,"4":4,"5":4},"f":{},"b":{}}
,"/home/antonio/programming/elevate/elevate1-core-api/src/utils/jwt.ts": {"path":"/home/antonio/programming/elevate/elevate1-core-api/src/utils/jwt.ts","statementMap":{"0":{"start":{"line":2,"column":0},"end":{"line":2,"column":31}},"1":{"start":{"line":14,"column":29},"end":{"line":20,"column":1}},"2":{"start":{"line":15,"column":17},"end":{"line":15,"column":39}},"3":{"start":{"line":16,"column":2},"end":{"line":18,"column":3}},"4":{"start":{"line":17,"column":4},"end":{"line":17,"column":74}},"5":{"start":{"line":19,"column":2},"end":{"line":19,"column":68}},"6":{"start":{"line":14,"column":13},"end":{"line":14,"column":29}},"7":{"start":{"line":28,"column":27},"end":{"line":37,"column":1}},"8":{"start":{"line":29,"column":2},"end":{"line":31,"column":3}},"9":{"start":{"line":30,"column":4},"end":{"line":30,"column":74}},"10":{"start":{"line":32,"column":2},"end":{"line":36,"column":3}},"11":{"start":{"line":33,"column":4},"end":{"line":33,"column":98}},"12":{"start":{"line":35,"column":4},"end":{"line":35,"column":37}},"13":{"start":{"line":28,"column":13},"end":{"line":28,"column":27}}},"fnMap":{"0":{"name":"(anonymous_1)","decl":{"start":{"line":14,"column":29},"end":{"line":14,"column":30}},"loc":{"start":{"line":14,"column":119},"end":{"line":20,"column":1}}},"1":{"name":"(anonymous_2)","decl":{"start":{"line":28,"column":27},"end":{"line":28,"column":28}},"loc":{"start":{"line":28,"column":88},"end":{"line":37,"column":1}}}},"branchMap":{"0":{"loc":{"start":{"line":14,"column":51},"end":{"line":14,"column":94}},"type":"default-arg","locations":[{"start":{"line":14,"column":78},"end":{"line":14,"column":94}}]},"1":{"loc":{"start":{"line":16,"column":2},"end":{"line":18,"column":3}},"type":"if","locations":[{"start":{"line":16,"column":2},"end":{"line":18,"column":3}}]},"2":{"loc":{"start":{"line":29,"column":2},"end":{"line":31,"column":3}},"type":"if","locations":[{"start":{"line":29,"column":2},"end":{"line":31,"column":3}}]}},"s":{"0":1,"1":1,"2":2,"3":2,"4":0,"5":2,"6":1,"7":1,"8":0,"9":0,"10":0,"11":0,"12":0,"13":1},"f":{"0":2,"1":0},"b":{"0":[2],"1":[0],"2":[0]}}
}
