TN:
SF:src/server.ts
FN:10,(anonymous_1)
FNF:1
FNH:0
FNDA:0,(anonymous_1)
DA:2,0
DA:3,0
DA:6,0
DA:8,0
DA:10,0
DA:11,0
LF:6
LH:0
BRDA:8,0,0,0
BRDA:8,0,1,0
BRF:2
BRH:0
end_of_record
TN:
SF:src/controllers/auth.controller.ts
FN:8,(anonymous_8)
FN:8,(anonymous_9)
FN:66,(anonymous_10)
FN:66,(anonymous_11)
FNF:4
FNH:4
FNDA:9,(anonymous_8)
FNDA:9,(anonymous_9)
FNDA:3,(anonymous_10)
FNDA:3,(anonymous_11)
DA:2,3
DA:3,3
DA:4,3
DA:6,3
DA:8,9
DA:9,9
DA:10,9
DA:13,9
DA:14,9
DA:15,1
DA:16,1
DA:20,8
DA:23,8
DA:31,8
DA:32,8
DA:33,0
DA:34,0
DA:35,0
DA:39,8
DA:40,8
DA:45,8
DA:51,8
DA:58,8
DA:60,0
DA:61,0
DA:62,0
DA:66,3
DA:67,3
DA:68,3
DA:71,3
DA:72,3
DA:73,1
DA:74,1
DA:78,2
DA:79,2
DA:80,1
DA:81,1
DA:85,1
DA:86,1
DA:87,0
DA:88,0
DA:89,0
DA:93,1
DA:94,1
DA:99,1
DA:105,1
DA:112,1
DA:114,0
DA:115,0
DA:116,0
LF:50
LH:38
BRDA:14,0,0,1
BRDA:32,1,0,0
BRDA:72,2,0,1
BRDA:79,3,0,1
BRDA:86,4,0,0
BRF:5
BRH:3
end_of_record
TN:
SF:src/controllers/folder.controller.ts
FN:8,(anonymous_7)
FN:8,(anonymous_8)
FN:42,(anonymous_9)
FN:42,(anonymous_10)
FN:75,(anonymous_11)
FN:75,(anonymous_12)
FN:117,(anonymous_13)
FN:117,(anonymous_14)
FN:188,(anonymous_15)
FN:188,(anonymous_16)
FNF:10
FNH:10
FNDA:1,(anonymous_7)
FNDA:1,(anonymous_8)
FNDA:2,(anonymous_9)
FNDA:2,(anonymous_10)
FNDA:4,(anonymous_11)
FNDA:4,(anonymous_12)
FNDA:9,(anonymous_13)
FNDA:9,(anonymous_14)
FNDA:4,(anonymous_15)
FNDA:4,(anonymous_16)
DA:4,3
DA:6,3
DA:8,3
DA:9,1
DA:10,1
DA:12,1
DA:14,0
DA:15,0
DA:18,1
DA:19,1
DA:26,1
DA:28,0
DA:29,0
DA:30,0
DA:31,0
DA:33,0
DA:35,0
DA:36,0
DA:38,0
DA:42,3
DA:43,2
DA:45,2
DA:47,0
DA:48,0
DA:51,2
DA:52,2
DA:60,2
DA:62,0
DA:63,0
DA:64,0
DA:65,0
DA:67,0
DA:69,0
DA:70,0
DA:71,0
DA:75,4
DA:76,4
DA:77,4
DA:79,4
DA:80,0
DA:81,0
DA:84,4
DA:85,1
DA:86,1
DA:89,3
DA:90,3
DA:97,3
DA:98,2
DA:99,2
DA:102,1
DA:104,0
DA:105,0
DA:106,0
DA:107,0
DA:109,0
DA:111,0
DA:112,0
DA:113,0
DA:117,9
DA:118,9
DA:119,9
DA:120,9
DA:122,9
DA:123,0
DA:124,0
DA:127,9
DA:128,1
DA:129,1
DA:134,8
DA:135,8
DA:136,4
DA:138,8
DA:141,4
DA:144,8
DA:145,1
DA:146,1
DA:149,7
DA:151,7
DA:158,7
DA:159,2
DA:160,2
DA:164,5
DA:172,5
DA:174,0
DA:175,0
DA:176,0
DA:177,0
DA:179,0
DA:181,0
DA:182,0
DA:184,0
DA:188,4
DA:189,4
DA:190,4
DA:192,4
DA:193,0
DA:194,0
DA:197,4
DA:198,1
DA:199,1
DA:202,3
DA:204,3
DA:211,3
DA:213,2
DA:214,2
DA:218,1
DA:224,1
DA:226,0
DA:227,0
DA:228,0
DA:229,0
DA:231,0
DA:233,0
DA:234,0
DA:236,0
LF:115
LH:65
BRDA:10,0,0,0
BRDA:10,0,1,1
BRDA:10,1,0,1
BRDA:10,1,1,1
BRDA:12,2,0,0
BRDA:29,3,0,0
BRDA:29,3,1,0
BRDA:43,4,0,0
BRDA:43,4,1,2
BRDA:43,5,0,2
BRDA:43,5,1,2
BRDA:45,6,0,0
BRDA:63,7,0,0
BRDA:63,7,1,0
BRDA:76,8,0,0
BRDA:76,8,1,4
BRDA:76,9,0,4
BRDA:76,9,1,4
BRDA:79,10,0,0
BRDA:84,11,0,1
BRDA:84,12,0,4
BRDA:84,12,1,4
BRDA:97,13,0,2
BRDA:105,14,0,0
BRDA:105,14,1,0
BRDA:118,15,0,0
BRDA:118,15,1,9
BRDA:118,16,0,9
BRDA:118,16,1,9
BRDA:122,17,0,0
BRDA:127,18,0,1
BRDA:127,19,0,9
BRDA:127,19,1,9
BRDA:135,20,0,4
BRDA:138,21,0,4
BRDA:144,22,0,1
BRDA:158,23,0,2
BRDA:175,24,0,0
BRDA:175,24,1,0
BRDA:189,25,0,0
BRDA:189,25,1,4
BRDA:189,26,0,4
BRDA:189,26,1,4
BRDA:192,27,0,0
BRDA:197,28,0,1
BRDA:197,29,0,4
BRDA:197,29,1,4
BRDA:211,30,0,2
BRDA:227,31,0,0
BRDA:227,31,1,0
BRF:50
BRH:30
end_of_record
TN:
SF:src/controllers/user.controller.ts
FN:8,(anonymous_7)
FN:8,(anonymous_8)
FNF:2
FNH:0
FNDA:0,(anonymous_7)
FNDA:0,(anonymous_8)
DA:4,3
DA:6,3
DA:8,3
DA:10,0
DA:11,0
DA:12,0
DA:15,0
DA:16,0
DA:21,0
DA:22,0
DA:23,0
DA:25,0
DA:26,0
DA:28,0
DA:29,0
DA:30,0
LF:16
LH:3
BRDA:10,0,0,0
BRDA:10,1,0,0
BRDA:10,1,1,0
BRDA:21,2,0,0
BRF:4
BRH:0
end_of_record
TN:
SF:src/middleware/auth.middleware.ts
FN:10,(anonymous_1)
FNF:1
FNH:1
FNDA:32,(anonymous_1)
DA:3,3
DA:10,3
DA:11,32
DA:13,32
DA:14,26
DA:15,26
DA:16,26
DA:17,26
DA:18,26
DA:20,0
DA:21,0
DA:24,6
DA:25,6
LF:13
LH:11
BRDA:13,0,0,26
BRDA:13,0,1,6
BRDA:13,1,0,32
BRDA:13,1,1,26
BRF:4
BRH:4
end_of_record
TN:
SF:src/middleware/validation.ts
FN:4,(anonymous_0)
FNF:1
FNH:1
FNDA:33,(anonymous_0)
DA:2,3
DA:4,3
DA:5,33
DA:6,33
DA:7,11
DA:9,22
DA:13,3
DA:23,3
DA:33,3
DA:43,3
LF:10
LH:10
BRDA:6,0,0,11
BRDA:6,0,1,22
BRF:2
BRH:2
end_of_record
TN:
SF:src/routes/auth.ts
FNF:0
FNH:0
DA:1,3
DA:2,3
DA:3,3
DA:5,3
DA:8,3
DA:11,3
DA:13,3
LF:7
LH:7
BRF:0
BRH:0
end_of_record
TN:
SF:src/routes/folder.routes.ts
FNF:0
FNH:0
DA:2,3
DA:3,3
DA:4,3
DA:5,3
DA:7,3
DA:10,3
DA:13,3
DA:16,3
DA:19,3
DA:22,3
DA:24,3
LF:11
LH:11
BRF:0
BRH:0
end_of_record
TN:
SF:src/routes/user.routes.ts
FNF:0
FNH:0
DA:2,3
DA:3,3
DA:4,3
DA:6,3
DA:9,3
DA:11,3
LF:6
LH:6
BRF:0
BRH:0
end_of_record
