TN:
SF:src/server.ts
FN:10,(anonymous_1)
FNF:1
FNH:0
FNDA:0,(anonymous_1)
DA:2,0
DA:3,0
DA:6,0
DA:8,0
DA:10,0
DA:11,0
LF:6
LH:0
BRDA:8,0,0,0
BRDA:8,0,1,0
BRF:2
BRH:0
end_of_record
TN:
SF:src/controllers/ai.controller.ts
FN:21,(anonymous_7)
FN:76,(anonymous_8)
FN:76,(anonymous_9)
FN:112,(anonymous_10)
FNF:4
FNH:4
FNDA:4,(anonymous_7)
FNDA:6,(anonymous_8)
FNDA:6,(anonymous_9)
FNDA:14,(anonymous_10)
DA:2,5
DA:5,5
DA:21,5
DA:26,4
DA:31,4
DA:34,4
DA:36,4
DA:38,14
DA:40,14
DA:48,14
DA:49,5
DA:58,14
DA:59,2
DA:60,2
DA:63,14
DA:66,4
DA:76,6
DA:77,6
DA:78,6
DA:79,6
DA:81,6
DA:82,0
DA:83,0
DA:87,6
DA:94,6
DA:95,2
DA:96,2
DA:100,4
DA:103,4
DA:111,4
DA:113,14
DA:127,4
DA:135,0
DA:136,0
LF:34
LH:30
BRDA:21,0,0,0
BRDA:26,1,0,4
BRDA:26,1,1,0
BRDA:48,2,0,5
BRDA:58,3,0,2
BRDA:60,4,0,2
BRDA:60,4,1,0
BRDA:78,5,0,1
BRDA:79,6,0,0
BRDA:79,6,1,6
BRDA:79,7,0,6
BRDA:79,7,1,6
BRDA:81,8,0,0
BRDA:94,9,0,2
BRDA:116,10,0,14
BRDA:116,10,1,0
BRF:16
BRH:10
end_of_record
TN:
SF:src/controllers/auth.controller.ts
FN:8,(anonymous_8)
FN:8,(anonymous_9)
FN:66,(anonymous_10)
FN:66,(anonymous_11)
FNF:4
FNH:4
FNDA:9,(anonymous_8)
FNDA:9,(anonymous_9)
FNDA:3,(anonymous_10)
FNDA:3,(anonymous_11)
DA:2,5
DA:3,5
DA:4,5
DA:6,5
DA:8,9
DA:9,9
DA:10,9
DA:13,9
DA:14,9
DA:15,1
DA:16,1
DA:20,8
DA:23,8
DA:31,8
DA:32,8
DA:33,0
DA:34,0
DA:35,0
DA:39,8
DA:40,8
DA:45,8
DA:51,8
DA:58,8
DA:60,0
DA:61,0
DA:62,0
DA:66,5
DA:67,3
DA:68,3
DA:71,3
DA:72,3
DA:73,1
DA:74,1
DA:78,2
DA:79,2
DA:80,1
DA:81,1
DA:85,1
DA:86,1
DA:87,0
DA:88,0
DA:89,0
DA:93,1
DA:94,1
DA:99,1
DA:105,1
DA:112,1
DA:114,0
DA:115,0
DA:116,0
LF:50
LH:38
BRDA:14,0,0,1
BRDA:32,1,0,0
BRDA:72,2,0,1
BRDA:79,3,0,1
BRDA:86,4,0,0
BRF:5
BRH:3
end_of_record
TN:
SF:src/controllers/folder.controller.ts
FN:8,(anonymous_7)
FN:8,(anonymous_8)
FN:42,(anonymous_9)
FN:42,(anonymous_10)
FN:75,(anonymous_11)
FN:75,(anonymous_12)
FN:117,(anonymous_13)
FN:117,(anonymous_14)
FN:188,(anonymous_15)
FN:188,(anonymous_16)
FNF:10
FNH:10
FNDA:1,(anonymous_7)
FNDA:1,(anonymous_8)
FNDA:2,(anonymous_9)
FNDA:2,(anonymous_10)
FNDA:4,(anonymous_11)
FNDA:4,(anonymous_12)
FNDA:9,(anonymous_13)
FNDA:9,(anonymous_14)
FNDA:4,(anonymous_15)
FNDA:4,(anonymous_16)
DA:4,5
DA:6,5
DA:8,5
DA:9,1
DA:10,1
DA:12,1
DA:14,0
DA:15,0
DA:18,1
DA:19,1
DA:26,1
DA:28,0
DA:29,0
DA:30,0
DA:31,0
DA:33,0
DA:35,0
DA:36,0
DA:38,0
DA:42,5
DA:43,2
DA:45,2
DA:47,0
DA:48,0
DA:51,2
DA:52,2
DA:60,2
DA:62,0
DA:63,0
DA:64,0
DA:65,0
DA:67,0
DA:69,0
DA:70,0
DA:71,0
DA:75,5
DA:76,4
DA:77,4
DA:79,4
DA:80,0
DA:81,0
DA:84,4
DA:85,1
DA:86,1
DA:89,3
DA:90,3
DA:97,3
DA:98,2
DA:99,2
DA:102,1
DA:104,0
DA:105,0
DA:106,0
DA:107,0
DA:109,0
DA:111,0
DA:112,0
DA:113,0
DA:117,9
DA:118,9
DA:119,9
DA:120,9
DA:122,9
DA:123,0
DA:124,0
DA:127,9
DA:128,1
DA:129,1
DA:134,8
DA:135,8
DA:136,4
DA:138,8
DA:141,4
DA:144,8
DA:145,1
DA:146,1
DA:149,7
DA:151,7
DA:158,7
DA:159,2
DA:160,2
DA:164,5
DA:172,5
DA:174,0
DA:175,0
DA:176,0
DA:177,0
DA:179,0
DA:181,0
DA:182,0
DA:184,0
DA:188,5
DA:189,4
DA:190,4
DA:192,4
DA:193,0
DA:194,0
DA:197,4
DA:198,1
DA:199,1
DA:202,3
DA:204,3
DA:211,3
DA:213,2
DA:214,2
DA:218,1
DA:224,1
DA:226,0
DA:227,0
DA:228,0
DA:229,0
DA:231,0
DA:233,0
DA:234,0
DA:236,0
LF:115
LH:65
BRDA:10,0,0,0
BRDA:10,0,1,1
BRDA:10,1,0,1
BRDA:10,1,1,1
BRDA:12,2,0,0
BRDA:29,3,0,0
BRDA:29,3,1,0
BRDA:43,4,0,0
BRDA:43,4,1,2
BRDA:43,5,0,2
BRDA:43,5,1,2
BRDA:45,6,0,0
BRDA:63,7,0,0
BRDA:63,7,1,0
BRDA:76,8,0,0
BRDA:76,8,1,4
BRDA:76,9,0,4
BRDA:76,9,1,4
BRDA:79,10,0,0
BRDA:84,11,0,1
BRDA:84,12,0,4
BRDA:84,12,1,4
BRDA:97,13,0,2
BRDA:105,14,0,0
BRDA:105,14,1,0
BRDA:118,15,0,0
BRDA:118,15,1,9
BRDA:118,16,0,9
BRDA:118,16,1,9
BRDA:122,17,0,0
BRDA:127,18,0,1
BRDA:127,19,0,9
BRDA:127,19,1,9
BRDA:135,20,0,4
BRDA:138,21,0,4
BRDA:144,22,0,1
BRDA:158,23,0,2
BRDA:175,24,0,0
BRDA:175,24,1,0
BRDA:189,25,0,0
BRDA:189,25,1,4
BRDA:189,26,0,4
BRDA:189,26,1,4
BRDA:192,27,0,0
BRDA:197,28,0,1
BRDA:197,29,0,4
BRDA:197,29,1,4
BRDA:211,30,0,2
BRDA:227,31,0,0
BRDA:227,31,1,0
BRF:50
BRH:30
end_of_record
TN:
SF:src/controllers/question.controller.ts
FN:7,(anonymous_7)
FN:7,(anonymous_8)
FN:48,(anonymous_9)
FN:48,(anonymous_10)
FN:97,(anonymous_11)
FN:97,(anonymous_12)
FN:143,(anonymous_13)
FN:143,(anonymous_14)
FN:196,(anonymous_15)
FN:196,(anonymous_16)
FNF:10
FNH:10
FNDA:6,(anonymous_7)
FNDA:6,(anonymous_8)
FNDA:5,(anonymous_9)
FNDA:5,(anonymous_10)
FNDA:4,(anonymous_11)
FNDA:4,(anonymous_12)
FNDA:4,(anonymous_13)
FNDA:4,(anonymous_14)
FNDA:3,(anonymous_15)
FNDA:3,(anonymous_16)
DA:2,5
DA:5,5
DA:7,6
DA:8,6
DA:9,6
DA:11,6
DA:13,6
DA:17,6
DA:18,2
DA:19,2
DA:23,4
DA:27,4
DA:28,2
DA:29,2
DA:33,2
DA:42,2
DA:44,0
DA:48,5
DA:49,5
DA:50,5
DA:51,5
DA:53,5
DA:55,5
DA:59,5
DA:60,2
DA:61,2
DA:65,3
DA:69,3
DA:70,1
DA:71,1
DA:75,2
DA:87,2
DA:91,2
DA:93,0
DA:97,5
DA:98,4
DA:99,4
DA:100,4
DA:101,4
DA:102,4
DA:104,4
DA:105,0
DA:106,0
DA:109,4
DA:110,0
DA:111,0
DA:114,4
DA:116,4
DA:131,4
DA:132,3
DA:133,3
DA:136,1
DA:138,0
DA:139,0
DA:143,5
DA:144,4
DA:145,4
DA:146,4
DA:147,4
DA:148,4
DA:149,4
DA:151,4
DA:152,0
DA:153,0
DA:156,4
DA:157,0
DA:158,0
DA:161,4
DA:163,4
DA:178,4
DA:179,2
DA:180,2
DA:184,2
DA:189,2
DA:191,0
DA:192,0
DA:196,5
DA:197,3
DA:198,3
DA:199,3
DA:200,3
DA:201,3
DA:203,3
DA:204,0
DA:205,0
DA:208,3
DA:209,0
DA:210,0
DA:213,3
DA:215,3
DA:230,3
DA:231,2
DA:232,2
DA:236,1
DA:240,1
DA:242,0
DA:243,0
LF:97
LH:77
BRDA:17,0,0,2
BRDA:17,1,0,6
BRDA:17,1,1,5
BRDA:27,2,0,2
BRDA:27,3,0,4
BRDA:27,3,1,3
BRDA:59,4,0,2
BRDA:59,5,0,5
BRDA:59,5,1,4
BRDA:69,6,0,1
BRDA:69,7,0,3
BRDA:69,7,1,2
BRDA:77,8,0,2
BRDA:77,8,1,1
BRDA:79,9,0,1
BRDA:79,9,1,1
BRDA:102,10,0,0
BRDA:102,10,1,4
BRDA:102,11,0,4
BRDA:102,11,1,4
BRDA:104,12,0,0
BRDA:104,13,0,4
BRDA:104,13,1,4
BRDA:104,13,2,4
BRDA:109,14,0,0
BRDA:131,15,0,3
BRDA:148,16,0,0
BRDA:148,16,1,4
BRDA:148,17,0,4
BRDA:148,17,1,4
BRDA:151,18,0,0
BRDA:151,19,0,4
BRDA:151,19,1,4
BRDA:151,19,2,4
BRDA:156,20,0,0
BRDA:178,21,0,2
BRDA:201,22,0,0
BRDA:201,22,1,3
BRDA:201,23,0,3
BRDA:201,23,1,3
BRDA:203,24,0,0
BRDA:203,25,0,3
BRDA:203,25,1,3
BRDA:203,25,2,3
BRDA:208,26,0,0
BRDA:230,27,0,2
BRF:46
BRH:37
end_of_record
TN:
SF:src/controllers/user.controller.ts
FN:8,(anonymous_7)
FN:8,(anonymous_8)
FNF:2
FNH:0
FNDA:0,(anonymous_7)
FNDA:0,(anonymous_8)
DA:4,5
DA:6,5
DA:8,5
DA:10,0
DA:11,0
DA:12,0
DA:15,0
DA:16,0
DA:21,0
DA:22,0
DA:23,0
DA:25,0
DA:26,0
DA:28,0
DA:29,0
DA:30,0
LF:16
LH:3
BRDA:10,0,0,0
BRDA:10,1,0,0
BRDA:10,1,1,0
BRDA:21,2,0,0
BRF:4
BRH:0
end_of_record
TN:
SF:src/middleware/auth.middleware.ts
FN:10,(anonymous_1)
FNF:1
FNH:1
FNDA:117,(anonymous_1)
DA:3,5
DA:10,5
DA:11,117
DA:13,117
DA:14,105
DA:15,105
DA:16,105
DA:17,105
DA:18,105
DA:20,0
DA:21,0
DA:24,12
DA:25,12
LF:13
LH:11
BRDA:13,0,0,105
BRDA:13,0,1,12
BRDA:13,1,0,117
BRDA:13,1,1,105
BRF:4
BRH:4
end_of_record
TN:
SF:src/middleware/validation.ts
FN:4,(anonymous_0)
FN:94,(anonymous_1)
FN:132,(anonymous_2)
FNF:3
FNH:3
FNDA:108,(anonymous_0)
FNDA:26,(anonymous_1)
FNDA:4,(anonymous_2)
DA:2,5
DA:4,5
DA:5,108
DA:6,108
DA:7,27
DA:9,81
DA:13,5
DA:23,5
DA:33,5
DA:43,5
DA:59,5
DA:69,5
DA:94,26
DA:104,5
DA:112,5
DA:133,4
DA:134,4
DA:135,13
DA:136,1
DA:140,3
DA:145,5
LF:21
LH:21
BRDA:6,0,0,27
BRDA:6,0,1,81
BRDA:94,1,0,26
BRDA:94,1,1,26
BRDA:133,2,0,4
BRDA:133,3,0,4
BRDA:133,3,1,4
BRDA:135,4,0,1
BRDA:135,5,0,13
BRDA:135,5,1,13
BRF:10
BRH:10
end_of_record
TN:
SF:src/routes/ai.routes.ts
FNF:0
FNH:0
DA:1,5
DA:2,5
DA:3,5
DA:4,5
DA:6,5
DA:9,5
DA:12,5
DA:14,5
LF:8
LH:8
BRF:0
BRH:0
end_of_record
TN:
SF:src/routes/auth.ts
FNF:0
FNH:0
DA:1,5
DA:2,5
DA:3,5
DA:5,5
DA:8,5
DA:11,5
DA:13,5
LF:7
LH:7
BRF:0
BRH:0
end_of_record
TN:
SF:src/routes/folder.routes.ts
FNF:0
FNH:0
DA:2,5
DA:3,5
DA:4,5
DA:5,5
DA:6,5
DA:8,5
DA:11,5
DA:14,5
DA:17,5
DA:20,5
DA:23,5
DA:26,5
DA:28,5
LF:13
LH:13
BRF:0
BRH:0
end_of_record
TN:
SF:src/routes/question.routes.ts
FNF:0
FNH:0
DA:1,5
DA:2,5
DA:3,5
DA:4,5
DA:9,5
DA:12,5
DA:15,5
DA:18,5
DA:21,5
DA:24,5
DA:26,5
LF:11
LH:11
BRF:0
BRH:0
end_of_record
TN:
SF:src/routes/questionset.routes.ts
FNF:0
FNH:0
DA:1,5
DA:2,5
DA:3,5
DA:5,5
DA:8,5
DA:11,5
DA:13,5
LF:7
LH:7
BRF:0
BRH:0
end_of_record
TN:
SF:src/routes/user.routes.ts
FNF:0
FNH:0
DA:2,5
DA:3,5
DA:4,5
DA:6,5
DA:9,5
DA:11,5
LF:6
LH:6
BRF:0
BRH:0
end_of_record
TN:
SF:src/utils/jwt.ts
FN:14,(anonymous_1)
FN:28,(anonymous_2)
FNF:2
FNH:1
FNDA:2,(anonymous_1)
FNDA:0,(anonymous_2)
DA:2,1
DA:14,1
DA:15,2
DA:16,2
DA:17,0
DA:19,2
DA:28,1
DA:29,0
DA:30,0
DA:32,0
DA:33,0
DA:35,0
LF:12
LH:6
BRDA:14,0,0,2
BRDA:16,1,0,0
BRDA:29,2,0,0
BRF:3
BRH:1
end_of_record
